2023-07-24 10:13:48,484 [INFO] from play.api.http.EnabledFilters in play-dev-mode-akka.actor.default-dispatcher-10 - Enabled Filters (see <https://www.playframework.com/documentation/latest/Filters>):

    play.filters.csrf.CSRFFilter
    play.filters.headers.SecurityHeadersFilter
    play.filters.hosts.AllowedHostsFilter

2023-07-24 10:13:48,519 [INFO] from play.api.Play in play-dev-mode-akka.actor.default-dispatcher-10 - Application started (Dev) (no global state)
2023-07-24 10:20:28,491 [ERROR] from play.api.http.DevHttpErrorHandler in play-dev-mode-akka.actor.default-dispatcher-58 - 

! @82baoom3a - Internal server error, for (GET) [/] ->
 
play.sbt.PlayExceptions$CompilationException: Compilation error[value price is not a member of models.Widget]
	at play.sbt.PlayExceptions$CompilationException$.apply(PlayExceptions.scala:34)
	at play.sbt.PlayExceptions$CompilationException$.apply(PlayExceptions.scala:34)
	at scala.Option.map(Option.scala:230)
	at play.sbt.run.PlayReload$.$anonfun$taskFailureHandler$8(PlayReload.scala:127)
	at scala.Option.map(Option.scala:230)
	at play.sbt.run.PlayReload$.taskFailureHandler(PlayReload.scala:100)
	at play.sbt.run.PlayReload$.compileFailure(PlayReload.scala:38)
	at play.sbt.run.PlayReload$.$anonfun$compile$3(PlayReload.scala:152)
	at scala.util.Either$LeftProjection.map(Either.scala:573)
	at play.sbt.run.PlayReload$.compile(PlayReload.scala:152)
	at play.sbt.run.PlayRun$.$anonfun$playRunTask$4(PlayRun.scala:80)
	at play.runsupport.Reloader.$anonfun$reload$1(Reloader.scala:501)
	at play.runsupport.Reloader$$anon$1.run(Reloader.scala:57)
	at java.security.AccessController.doPrivileged(Native Method)
	at play.runsupport.Reloader$.play$runsupport$Reloader$$withReloaderContextClassLoader(Reloader.scala:63)
	at play.runsupport.Reloader.reload(Reloader.scala:501)
	at play.core.server.DevServerStart$$anon$1.get(DevServerStart.scala:147)
	at play.core.server.AkkaHttpServer.handleRequest(AkkaHttpServer.scala:310)
	at play.core.server.AkkaHttpServer.$anonfun$createServerBinding$1(AkkaHttpServer.scala:227)
	at akka.stream.impl.fusing.MapAsync$$anon$30.onPush(Ops.scala:1309)
	at akka.stream.impl.fusing.GraphInterpreter.processPush(GraphInterpreter.scala:542)
	at akka.stream.impl.fusing.GraphInterpreter.processEvent(GraphInterpreter.scala:496)
	at akka.stream.impl.fusing.GraphInterpreter.execute(GraphInterpreter.scala:390)
	at akka.stream.impl.fusing.GraphInterpreterShell.runBatch(ActorGraphInterpreter.scala:650)
	at akka.stream.impl.fusing.GraphInterpreterShell$AsyncInput.execute(ActorGraphInterpreter.scala:521)
	at akka.stream.impl.fusing.GraphInterpreterShell.processEvent(ActorGraphInterpreter.scala:625)
	at akka.stream.impl.fusing.ActorGraphInterpreter.akka$stream$impl$fusing$ActorGraphInterpreter$$processEvent(ActorGraphInterpreter.scala:800)
	at akka.stream.impl.fusing.ActorGraphInterpreter$$anonfun$receive$1.applyOrElse(ActorGraphInterpreter.scala:818)
	at akka.actor.Actor.aroundReceive(Actor.scala:537)
	at akka.actor.Actor.aroundReceive$(Actor.scala:535)
	at akka.stream.impl.fusing.ActorGraphInterpreter.aroundReceive(ActorGraphInterpreter.scala:716)
	at akka.actor.ActorCell.receiveMessage(ActorCell.scala:579)
	at akka.actor.ActorCell.invoke(ActorCell.scala:547)
	at akka.dispatch.Mailbox.processMailbox(Mailbox.scala:270)
	at akka.dispatch.Mailbox.run(Mailbox.scala:231)
	at akka.dispatch.Mailbox.exec(Mailbox.scala:243)
	at java.util.concurrent.ForkJoinTask.doExec(ForkJoinTask.java:289)
	at java.util.concurrent.ForkJoinPool$WorkQueue.runTask(ForkJoinPool.java:1067)
	at java.util.concurrent.ForkJoinPool.runWorker(ForkJoinPool.java:1703)
	at java.util.concurrent.ForkJoinWorkerThread.run(ForkJoinWorkerThread.java:172)
2023-07-24 10:20:49,233 [ERROR] from play.api.http.DevHttpErrorHandler in play-dev-mode-akka.actor.default-dispatcher-62 - 

! @82bap00m6 - Internal server error, for (GET) [/] ->
 
play.sbt.PlayExceptions$CompilationException: Compilation error[value title is not a member of models.Widget]
	at play.sbt.PlayExceptions$CompilationException$.apply(PlayExceptions.scala:34)
	at play.sbt.PlayExceptions$CompilationException$.apply(PlayExceptions.scala:34)
	at scala.Option.map(Option.scala:230)
	at play.sbt.run.PlayReload$.$anonfun$taskFailureHandler$8(PlayReload.scala:127)
	at scala.Option.map(Option.scala:230)
	at play.sbt.run.PlayReload$.taskFailureHandler(PlayReload.scala:100)
	at play.sbt.run.PlayReload$.compileFailure(PlayReload.scala:38)
	at play.sbt.run.PlayReload$.$anonfun$compile$3(PlayReload.scala:152)
	at scala.util.Either$LeftProjection.map(Either.scala:573)
	at play.sbt.run.PlayReload$.compile(PlayReload.scala:152)
	at play.sbt.run.PlayRun$.$anonfun$playRunTask$4(PlayRun.scala:80)
	at play.runsupport.Reloader.$anonfun$reload$1(Reloader.scala:501)
	at play.runsupport.Reloader$$anon$1.run(Reloader.scala:57)
	at java.security.AccessController.doPrivileged(Native Method)
	at play.runsupport.Reloader$.play$runsupport$Reloader$$withReloaderContextClassLoader(Reloader.scala:63)
	at play.runsupport.Reloader.reload(Reloader.scala:501)
	at play.core.server.DevServerStart$$anon$1.get(DevServerStart.scala:147)
	at play.core.server.AkkaHttpServer.handleRequest(AkkaHttpServer.scala:310)
	at play.core.server.AkkaHttpServer.$anonfun$createServerBinding$1(AkkaHttpServer.scala:227)
	at akka.stream.impl.fusing.MapAsync$$anon$30.onPush(Ops.scala:1309)
	at akka.stream.impl.fusing.GraphInterpreter.processPush(GraphInterpreter.scala:542)
	at akka.stream.impl.fusing.GraphInterpreter.processEvent(GraphInterpreter.scala:496)
	at akka.stream.impl.fusing.GraphInterpreter.execute(GraphInterpreter.scala:390)
	at akka.stream.impl.fusing.GraphInterpreterShell.runBatch(ActorGraphInterpreter.scala:650)
	at akka.stream.impl.fusing.GraphInterpreterShell$AsyncInput.execute(ActorGraphInterpreter.scala:521)
	at akka.stream.impl.fusing.GraphInterpreterShell.processEvent(ActorGraphInterpreter.scala:625)
	at akka.stream.impl.fusing.ActorGraphInterpreter.akka$stream$impl$fusing$ActorGraphInterpreter$$processEvent(ActorGraphInterpreter.scala:800)
	at akka.stream.impl.fusing.ActorGraphInterpreter$$anonfun$receive$1.applyOrElse(ActorGraphInterpreter.scala:818)
	at akka.actor.Actor.aroundReceive(Actor.scala:537)
	at akka.actor.Actor.aroundReceive$(Actor.scala:535)
	at akka.stream.impl.fusing.ActorGraphInterpreter.aroundReceive(ActorGraphInterpreter.scala:716)
	at akka.actor.ActorCell.receiveMessage(ActorCell.scala:579)
	at akka.actor.ActorCell.invoke(ActorCell.scala:547)
	at akka.dispatch.Mailbox.processMailbox(Mailbox.scala:270)
	at akka.dispatch.Mailbox.run(Mailbox.scala:231)
	at akka.dispatch.Mailbox.exec(Mailbox.scala:243)
	at java.util.concurrent.ForkJoinTask.doExec(ForkJoinTask.java:289)
	at java.util.concurrent.ForkJoinPool$WorkQueue.runTask(ForkJoinPool.java:1067)
	at java.util.concurrent.ForkJoinPool.runWorker(ForkJoinPool.java:1703)
	at java.util.concurrent.ForkJoinWorkerThread.run(ForkJoinWorkerThread.java:172)
2023-07-24 10:21:10,863 [INFO] from play.api.http.EnabledFilters in play-dev-mode-akka.actor.default-dispatcher-59 - Enabled Filters (see <https://www.playframework.com/documentation/latest/Filters>):

    play.filters.csrf.CSRFFilter
    play.filters.headers.SecurityHeadersFilter
    play.filters.hosts.AllowedHostsFilter

2023-07-24 10:21:10,869 [INFO] from play.api.Play in play-dev-mode-akka.actor.default-dispatcher-59 - Application started (Dev) (no global state)
2023-07-24 10:31:52,692 [ERROR] from play.api.http.DevHttpErrorHandler in play-dev-mode-akka.actor.default-dispatcher-75 - 

! @82bb0bk6o - Internal server error, for (GET) [/] ->
 
play.sbt.PlayExceptions$CompilationException: Compilation error[Not parsed?]
	at play.sbt.PlayExceptions$CompilationException$.apply(PlayExceptions.scala:34)
	at play.sbt.PlayExceptions$CompilationException$.apply(PlayExceptions.scala:34)
	at scala.Option.map(Option.scala:230)
	at play.sbt.run.PlayReload$.$anonfun$taskFailureHandler$8(PlayReload.scala:127)
	at scala.Option.map(Option.scala:230)
	at play.sbt.run.PlayReload$.taskFailureHandler(PlayReload.scala:100)
	at play.sbt.run.PlayReload$.compileFailure(PlayReload.scala:38)
	at play.sbt.run.PlayReload$.$anonfun$compile$3(PlayReload.scala:152)
	at scala.util.Either$LeftProjection.map(Either.scala:573)
	at play.sbt.run.PlayReload$.compile(PlayReload.scala:152)
	at play.sbt.run.PlayRun$.$anonfun$playRunTask$4(PlayRun.scala:80)
	at play.runsupport.Reloader.$anonfun$reload$1(Reloader.scala:501)
	at play.runsupport.Reloader$$anon$1.run(Reloader.scala:57)
	at java.security.AccessController.doPrivileged(Native Method)
	at play.runsupport.Reloader$.play$runsupport$Reloader$$withReloaderContextClassLoader(Reloader.scala:63)
	at play.runsupport.Reloader.reload(Reloader.scala:501)
	at play.core.server.DevServerStart$$anon$1.get(DevServerStart.scala:147)
	at play.core.server.AkkaHttpServer.handleRequest(AkkaHttpServer.scala:310)
	at play.core.server.AkkaHttpServer.$anonfun$createServerBinding$1(AkkaHttpServer.scala:227)
	at akka.stream.impl.fusing.MapAsync$$anon$30.onPush(Ops.scala:1309)
	at akka.stream.impl.fusing.GraphInterpreter.processPush(GraphInterpreter.scala:542)
	at akka.stream.impl.fusing.GraphInterpreter.processEvent(GraphInterpreter.scala:496)
	at akka.stream.impl.fusing.GraphInterpreter.execute(GraphInterpreter.scala:390)
	at akka.stream.impl.fusing.GraphInterpreterShell.runBatch(ActorGraphInterpreter.scala:650)
	at akka.stream.impl.fusing.GraphInterpreterShell$AsyncInput.execute(ActorGraphInterpreter.scala:521)
	at akka.stream.impl.fusing.GraphInterpreterShell.processEvent(ActorGraphInterpreter.scala:625)
	at akka.stream.impl.fusing.ActorGraphInterpreter.akka$stream$impl$fusing$ActorGraphInterpreter$$processEvent(ActorGraphInterpreter.scala:800)
	at akka.stream.impl.fusing.ActorGraphInterpreter$$anonfun$receive$1.applyOrElse(ActorGraphInterpreter.scala:818)
	at akka.actor.Actor.aroundReceive(Actor.scala:537)
	at akka.actor.Actor.aroundReceive$(Actor.scala:535)
	at akka.stream.impl.fusing.ActorGraphInterpreter.aroundReceive(ActorGraphInterpreter.scala:716)
	at akka.actor.ActorCell.receiveMessage(ActorCell.scala:579)
	at akka.actor.ActorCell.invoke(ActorCell.scala:547)
	at akka.dispatch.Mailbox.processMailbox(Mailbox.scala:270)
	at akka.dispatch.Mailbox.run(Mailbox.scala:231)
	at akka.dispatch.Mailbox.exec(Mailbox.scala:243)
	at java.util.concurrent.ForkJoinTask.doExec(ForkJoinTask.java:289)
	at java.util.concurrent.ForkJoinPool$WorkQueue.runTask(ForkJoinPool.java:1067)
	at java.util.concurrent.ForkJoinPool.runWorker(ForkJoinPool.java:1703)
	at java.util.concurrent.ForkJoinWorkerThread.run(ForkJoinWorkerThread.java:172)
2023-07-24 10:32:17,660 [ERROR] from play.api.http.DevHttpErrorHandler in play-dev-mode-akka.actor.default-dispatcher-79 - 

! @82bb0d564 - Internal server error, for (GET) [/] ->
 
play.sbt.PlayExceptions$CompilationException: Compilation error[not enough arguments for method apply: (widgets: Seq[models.Widget], form: play.data.Form[controllers.WidgetData])(implicit request: play.mvc.Http.Request, messages: play.i18n.Messages): play.twirl.api.HtmlFormat.Appendable in object index.
Unspecified value parameters widgets, form.]
	at play.sbt.PlayExceptions$CompilationException$.apply(PlayExceptions.scala:34)
	at play.sbt.PlayExceptions$CompilationException$.apply(PlayExceptions.scala:34)
	at scala.Option.map(Option.scala:230)
	at play.sbt.run.PlayReload$.$anonfun$taskFailureHandler$8(PlayReload.scala:127)
	at scala.Option.map(Option.scala:230)
	at play.sbt.run.PlayReload$.taskFailureHandler(PlayReload.scala:100)
	at play.sbt.run.PlayReload$.compileFailure(PlayReload.scala:38)
	at play.sbt.run.PlayReload$.$anonfun$compile$3(PlayReload.scala:152)
	at scala.util.Either$LeftProjection.map(Either.scala:573)
	at play.sbt.run.PlayReload$.compile(PlayReload.scala:152)
	at play.sbt.run.PlayRun$.$anonfun$playRunTask$4(PlayRun.scala:80)
	at play.runsupport.Reloader.$anonfun$reload$1(Reloader.scala:501)
	at play.runsupport.Reloader$$anon$1.run(Reloader.scala:57)
	at java.security.AccessController.doPrivileged(Native Method)
	at play.runsupport.Reloader$.play$runsupport$Reloader$$withReloaderContextClassLoader(Reloader.scala:63)
	at play.runsupport.Reloader.reload(Reloader.scala:501)
	at play.core.server.DevServerStart$$anon$1.get(DevServerStart.scala:147)
	at play.core.server.AkkaHttpServer.handleRequest(AkkaHttpServer.scala:310)
	at play.core.server.AkkaHttpServer.$anonfun$createServerBinding$1(AkkaHttpServer.scala:227)
	at akka.stream.impl.fusing.MapAsync$$anon$30.onPush(Ops.scala:1309)
	at akka.stream.impl.fusing.GraphInterpreter.processPush(GraphInterpreter.scala:542)
	at akka.stream.impl.fusing.GraphInterpreter.processEvent(GraphInterpreter.scala:496)
	at akka.stream.impl.fusing.GraphInterpreter.execute(GraphInterpreter.scala:390)
	at akka.stream.impl.fusing.GraphInterpreterShell.runBatch(ActorGraphInterpreter.scala:650)
	at akka.stream.impl.fusing.GraphInterpreterShell$AsyncInput.execute(ActorGraphInterpreter.scala:521)
	at akka.stream.impl.fusing.GraphInterpreterShell.processEvent(ActorGraphInterpreter.scala:625)
	at akka.stream.impl.fusing.ActorGraphInterpreter.akka$stream$impl$fusing$ActorGraphInterpreter$$processEvent(ActorGraphInterpreter.scala:800)
	at akka.stream.impl.fusing.ActorGraphInterpreter$$anonfun$receive$1.applyOrElse(ActorGraphInterpreter.scala:818)
	at akka.actor.Actor.aroundReceive(Actor.scala:537)
	at akka.actor.Actor.aroundReceive$(Actor.scala:535)
	at akka.stream.impl.fusing.ActorGraphInterpreter.aroundReceive(ActorGraphInterpreter.scala:716)
	at akka.actor.ActorCell.receiveMessage(ActorCell.scala:579)
	at akka.actor.ActorCell.invoke(ActorCell.scala:547)
	at akka.dispatch.Mailbox.processMailbox(Mailbox.scala:270)
	at akka.dispatch.Mailbox.run(Mailbox.scala:231)
	at akka.dispatch.Mailbox.exec(Mailbox.scala:243)
	at java.util.concurrent.ForkJoinTask.doExec(ForkJoinTask.java:289)
	at java.util.concurrent.ForkJoinPool$WorkQueue.runTask(ForkJoinPool.java:1067)
	at java.util.concurrent.ForkJoinPool.runWorker(ForkJoinPool.java:1703)
	at java.util.concurrent.ForkJoinWorkerThread.run(ForkJoinWorkerThread.java:172)
2023-07-24 10:41:02,538 [ERROR] from play.api.http.DevHttpErrorHandler in play-dev-mode-akka.actor.default-dispatcher-87 - 

! @82bb1h1hl - Internal server error, for (GET) [/] ->
 
play.sbt.PlayExceptions$CompilationException: Compilation error[Expected '}' but found 'EOF']
	at play.sbt.PlayExceptions$CompilationException$.apply(PlayExceptions.scala:34)
	at play.sbt.PlayExceptions$CompilationException$.apply(PlayExceptions.scala:34)
	at scala.Option.map(Option.scala:230)
	at play.sbt.run.PlayReload$.$anonfun$taskFailureHandler$8(PlayReload.scala:127)
	at scala.Option.map(Option.scala:230)
	at play.sbt.run.PlayReload$.taskFailureHandler(PlayReload.scala:100)
	at play.sbt.run.PlayReload$.compileFailure(PlayReload.scala:38)
	at play.sbt.run.PlayReload$.$anonfun$compile$3(PlayReload.scala:152)
	at scala.util.Either$LeftProjection.map(Either.scala:573)
	at play.sbt.run.PlayReload$.compile(PlayReload.scala:152)
	at play.sbt.run.PlayRun$.$anonfun$playRunTask$4(PlayRun.scala:80)
	at play.runsupport.Reloader.$anonfun$reload$1(Reloader.scala:501)
	at play.runsupport.Reloader$$anon$1.run(Reloader.scala:57)
	at java.security.AccessController.doPrivileged(Native Method)
	at play.runsupport.Reloader$.play$runsupport$Reloader$$withReloaderContextClassLoader(Reloader.scala:63)
	at play.runsupport.Reloader.reload(Reloader.scala:501)
	at play.core.server.DevServerStart$$anon$1.get(DevServerStart.scala:147)
	at play.core.server.AkkaHttpServer.handleRequest(AkkaHttpServer.scala:310)
	at play.core.server.AkkaHttpServer.$anonfun$createServerBinding$1(AkkaHttpServer.scala:227)
	at akka.stream.impl.fusing.MapAsync$$anon$30.onPush(Ops.scala:1309)
	at akka.stream.impl.fusing.GraphInterpreter.processPush(GraphInterpreter.scala:542)
	at akka.stream.impl.fusing.GraphInterpreter.processEvent(GraphInterpreter.scala:496)
	at akka.stream.impl.fusing.GraphInterpreter.execute(GraphInterpreter.scala:390)
	at akka.stream.impl.fusing.GraphInterpreterShell.runBatch(ActorGraphInterpreter.scala:650)
	at akka.stream.impl.fusing.GraphInterpreterShell$AsyncInput.execute(ActorGraphInterpreter.scala:521)
	at akka.stream.impl.fusing.GraphInterpreterShell.processEvent(ActorGraphInterpreter.scala:625)
	at akka.stream.impl.fusing.ActorGraphInterpreter.akka$stream$impl$fusing$ActorGraphInterpreter$$processEvent(ActorGraphInterpreter.scala:800)
	at akka.stream.impl.fusing.ActorGraphInterpreter$$anonfun$receive$1.applyOrElse(ActorGraphInterpreter.scala:818)
	at akka.actor.Actor.aroundReceive(Actor.scala:537)
	at akka.actor.Actor.aroundReceive$(Actor.scala:535)
	at akka.stream.impl.fusing.ActorGraphInterpreter.aroundReceive(ActorGraphInterpreter.scala:716)
	at akka.actor.ActorCell.receiveMessage(ActorCell.scala:579)
	at akka.actor.ActorCell.invoke(ActorCell.scala:547)
	at akka.dispatch.Mailbox.processMailbox(Mailbox.scala:270)
	at akka.dispatch.Mailbox.run(Mailbox.scala:231)
	at akka.dispatch.Mailbox.exec(Mailbox.scala:243)
	at java.util.concurrent.ForkJoinTask.doExec(ForkJoinTask.java:289)
	at java.util.concurrent.ForkJoinPool$WorkQueue.runTask(ForkJoinPool.java:1067)
	at java.util.concurrent.ForkJoinPool.runWorker(ForkJoinPool.java:1703)
	at java.util.concurrent.ForkJoinWorkerThread.run(ForkJoinWorkerThread.java:172)
2023-07-24 10:41:02,933 [ERROR] from play.api.http.DevHttpErrorHandler in play-dev-mode-akka.actor.default-dispatcher-88 - 

! @82bb1h270 - Internal server error, for (GET) [/] ->
 
play.sbt.PlayExceptions$CompilationException: Compilation error[Expected '}' but found 'EOF']
	at play.sbt.PlayExceptions$CompilationException$.apply(PlayExceptions.scala:34)
	at play.sbt.PlayExceptions$CompilationException$.apply(PlayExceptions.scala:34)
	at scala.Option.map(Option.scala:230)
	at play.sbt.run.PlayReload$.$anonfun$taskFailureHandler$8(PlayReload.scala:127)
	at scala.Option.map(Option.scala:230)
	at play.sbt.run.PlayReload$.taskFailureHandler(PlayReload.scala:100)
	at play.sbt.run.PlayReload$.compileFailure(PlayReload.scala:38)
	at play.sbt.run.PlayReload$.$anonfun$compile$3(PlayReload.scala:152)
	at scala.util.Either$LeftProjection.map(Either.scala:573)
	at play.sbt.run.PlayReload$.compile(PlayReload.scala:152)
	at play.sbt.run.PlayRun$.$anonfun$playRunTask$4(PlayRun.scala:80)
	at play.runsupport.Reloader.$anonfun$reload$1(Reloader.scala:501)
	at play.runsupport.Reloader$$anon$1.run(Reloader.scala:57)
	at java.security.AccessController.doPrivileged(Native Method)
	at play.runsupport.Reloader$.play$runsupport$Reloader$$withReloaderContextClassLoader(Reloader.scala:63)
	at play.runsupport.Reloader.reload(Reloader.scala:501)
	at play.core.server.DevServerStart$$anon$1.get(DevServerStart.scala:147)
	at play.core.server.AkkaHttpServer.handleRequest(AkkaHttpServer.scala:310)
	at play.core.server.AkkaHttpServer.$anonfun$createServerBinding$1(AkkaHttpServer.scala:227)
	at akka.stream.impl.fusing.MapAsync$$anon$30.onPush(Ops.scala:1309)
	at akka.stream.impl.fusing.GraphInterpreter.processPush(GraphInterpreter.scala:542)
	at akka.stream.impl.fusing.GraphInterpreter.processEvent(GraphInterpreter.scala:496)
	at akka.stream.impl.fusing.GraphInterpreter.execute(GraphInterpreter.scala:390)
	at akka.stream.impl.fusing.GraphInterpreterShell.runBatch(ActorGraphInterpreter.scala:650)
	at akka.stream.impl.fusing.GraphInterpreterShell$AsyncInput.execute(ActorGraphInterpreter.scala:521)
	at akka.stream.impl.fusing.GraphInterpreterShell.processEvent(ActorGraphInterpreter.scala:625)
	at akka.stream.impl.fusing.ActorGraphInterpreter.akka$stream$impl$fusing$ActorGraphInterpreter$$processEvent(ActorGraphInterpreter.scala:800)
	at akka.stream.impl.fusing.ActorGraphInterpreter$$anonfun$receive$1.applyOrElse(ActorGraphInterpreter.scala:818)
	at akka.actor.Actor.aroundReceive(Actor.scala:537)
	at akka.actor.Actor.aroundReceive$(Actor.scala:535)
	at akka.stream.impl.fusing.ActorGraphInterpreter.aroundReceive(ActorGraphInterpreter.scala:716)
	at akka.actor.ActorCell.receiveMessage(ActorCell.scala:579)
	at akka.actor.ActorCell.invoke(ActorCell.scala:547)
	at akka.dispatch.Mailbox.processMailbox(Mailbox.scala:270)
	at akka.dispatch.Mailbox.run(Mailbox.scala:231)
	at akka.dispatch.Mailbox.exec(Mailbox.scala:243)
	at java.util.concurrent.ForkJoinTask.doExec(ForkJoinTask.java:289)
	at java.util.concurrent.ForkJoinPool$WorkQueue.runTask(ForkJoinPool.java:1067)
	at java.util.concurrent.ForkJoinPool.runWorker(ForkJoinPool.java:1703)
	at java.util.concurrent.ForkJoinWorkerThread.run(ForkJoinWorkerThread.java:172)
2023-07-24 10:41:19,820 [ERROR] from play.api.http.DevHttpErrorHandler in play-dev-mode-akka.actor.default-dispatcher-86 - 

! @82bb1i16c - Internal server error, for (GET) [/] ->
 
play.sbt.PlayExceptions$CompilationException: Compilation error[value index is not a member of controllers.WidgetController]
	at play.sbt.PlayExceptions$CompilationException$.apply(PlayExceptions.scala:34)
	at play.sbt.PlayExceptions$CompilationException$.apply(PlayExceptions.scala:34)
	at scala.Option.map(Option.scala:230)
	at play.sbt.run.PlayReload$.$anonfun$taskFailureHandler$8(PlayReload.scala:127)
	at scala.Option.map(Option.scala:230)
	at play.sbt.run.PlayReload$.taskFailureHandler(PlayReload.scala:100)
	at play.sbt.run.PlayReload$.compileFailure(PlayReload.scala:38)
	at play.sbt.run.PlayReload$.$anonfun$compile$3(PlayReload.scala:152)
	at scala.util.Either$LeftProjection.map(Either.scala:573)
	at play.sbt.run.PlayReload$.compile(PlayReload.scala:152)
	at play.sbt.run.PlayRun$.$anonfun$playRunTask$4(PlayRun.scala:80)
	at play.runsupport.Reloader.$anonfun$reload$1(Reloader.scala:501)
	at play.runsupport.Reloader$$anon$1.run(Reloader.scala:57)
	at java.security.AccessController.doPrivileged(Native Method)
	at play.runsupport.Reloader$.play$runsupport$Reloader$$withReloaderContextClassLoader(Reloader.scala:63)
	at play.runsupport.Reloader.reload(Reloader.scala:501)
	at play.core.server.DevServerStart$$anon$1.get(DevServerStart.scala:147)
	at play.core.server.AkkaHttpServer.handleRequest(AkkaHttpServer.scala:310)
	at play.core.server.AkkaHttpServer.$anonfun$createServerBinding$1(AkkaHttpServer.scala:227)
	at akka.stream.impl.fusing.MapAsync$$anon$30.onPush(Ops.scala:1309)
	at akka.stream.impl.fusing.GraphInterpreter.processPush(GraphInterpreter.scala:542)
	at akka.stream.impl.fusing.GraphInterpreter.processEvent(GraphInterpreter.scala:496)
	at akka.stream.impl.fusing.GraphInterpreter.execute(GraphInterpreter.scala:390)
	at akka.stream.impl.fusing.GraphInterpreterShell.runBatch(ActorGraphInterpreter.scala:650)
	at akka.stream.impl.fusing.GraphInterpreterShell$AsyncInput.execute(ActorGraphInterpreter.scala:521)
	at akka.stream.impl.fusing.GraphInterpreterShell.processEvent(ActorGraphInterpreter.scala:625)
	at akka.stream.impl.fusing.ActorGraphInterpreter.akka$stream$impl$fusing$ActorGraphInterpreter$$processEvent(ActorGraphInterpreter.scala:800)
	at akka.stream.impl.fusing.ActorGraphInterpreter$$anonfun$receive$1.applyOrElse(ActorGraphInterpreter.scala:818)
	at akka.actor.Actor.aroundReceive(Actor.scala:537)
	at akka.actor.Actor.aroundReceive$(Actor.scala:535)
	at akka.stream.impl.fusing.ActorGraphInterpreter.aroundReceive(ActorGraphInterpreter.scala:716)
	at akka.actor.ActorCell.receiveMessage(ActorCell.scala:579)
	at akka.actor.ActorCell.invoke(ActorCell.scala:547)
	at akka.dispatch.Mailbox.processMailbox(Mailbox.scala:270)
	at akka.dispatch.Mailbox.run(Mailbox.scala:231)
	at akka.dispatch.Mailbox.exec(Mailbox.scala:243)
	at java.util.concurrent.ForkJoinTask.doExec(ForkJoinTask.java:289)
	at java.util.concurrent.ForkJoinPool$WorkQueue.runTask(ForkJoinPool.java:1067)
	at java.util.concurrent.ForkJoinPool.runWorker(ForkJoinPool.java:1703)
	at java.util.concurrent.ForkJoinWorkerThread.run(ForkJoinWorkerThread.java:172)
2023-07-24 10:42:07,757 [INFO] from play.api.http.EnabledFilters in play-dev-mode-akka.actor.default-dispatcher-86 - Enabled Filters (see <https://www.playframework.com/documentation/latest/Filters>):

    play.filters.csrf.CSRFFilter
    play.filters.headers.SecurityHeadersFilter
    play.filters.hosts.AllowedHostsFilter

2023-07-24 10:42:07,763 [INFO] from play.api.Play in play-dev-mode-akka.actor.default-dispatcher-86 - Application started (Dev) (no global state)
2023-07-24 10:43:13,602 [INFO] from play.api.http.EnabledFilters in play-dev-mode-akka.actor.default-dispatcher-87 - Enabled Filters (see <https://www.playframework.com/documentation/latest/Filters>):

    play.filters.csrf.CSRFFilter
    play.filters.headers.SecurityHeadersFilter
    play.filters.hosts.AllowedHostsFilter

2023-07-24 10:43:13,608 [INFO] from play.api.Play in play-dev-mode-akka.actor.default-dispatcher-87 - Application started (Dev) (no global state)
2023-07-24 10:43:38,850 [ERROR] from play.api.http.DevHttpErrorHandler in play-dev-mode-akka.actor.default-dispatcher-87 - 

! @82bb1pon3 - Internal server error, for (GET) [/] ->
 
play.sbt.PlayExceptions$CompilationException: Compilation error[not enough arguments for method apply: (widgets: Seq[models.Widget], form: play.data.Form[controllers.WidgetData])(implicit request: play.mvc.Http.Request, messages: play.i18n.Messages): play.twirl.api.HtmlFormat.Appendable in object index.
Unspecified value parameters widgets, form.]
	at play.sbt.PlayExceptions$CompilationException$.apply(PlayExceptions.scala:34)
	at play.sbt.PlayExceptions$CompilationException$.apply(PlayExceptions.scala:34)
	at scala.Option.map(Option.scala:230)
	at play.sbt.run.PlayReload$.$anonfun$taskFailureHandler$8(PlayReload.scala:127)
	at scala.Option.map(Option.scala:230)
	at play.sbt.run.PlayReload$.taskFailureHandler(PlayReload.scala:100)
	at play.sbt.run.PlayReload$.compileFailure(PlayReload.scala:38)
	at play.sbt.run.PlayReload$.$anonfun$compile$3(PlayReload.scala:152)
	at scala.util.Either$LeftProjection.map(Either.scala:573)
	at play.sbt.run.PlayReload$.compile(PlayReload.scala:152)
	at play.sbt.run.PlayRun$.$anonfun$playRunTask$4(PlayRun.scala:80)
	at play.runsupport.Reloader.$anonfun$reload$1(Reloader.scala:501)
	at play.runsupport.Reloader$$anon$1.run(Reloader.scala:57)
	at java.security.AccessController.doPrivileged(Native Method)
	at play.runsupport.Reloader$.play$runsupport$Reloader$$withReloaderContextClassLoader(Reloader.scala:63)
	at play.runsupport.Reloader.reload(Reloader.scala:501)
	at play.core.server.DevServerStart$$anon$1.get(DevServerStart.scala:147)
	at play.core.server.AkkaHttpServer.handleRequest(AkkaHttpServer.scala:310)
	at play.core.server.AkkaHttpServer.$anonfun$createServerBinding$1(AkkaHttpServer.scala:227)
	at akka.stream.impl.fusing.MapAsync$$anon$30.onPush(Ops.scala:1309)
	at akka.stream.impl.fusing.GraphInterpreter.processPush(GraphInterpreter.scala:542)
	at akka.stream.impl.fusing.GraphInterpreter.processEvent(GraphInterpreter.scala:496)
	at akka.stream.impl.fusing.GraphInterpreter.execute(GraphInterpreter.scala:390)
	at akka.stream.impl.fusing.GraphInterpreterShell.runBatch(ActorGraphInterpreter.scala:650)
	at akka.stream.impl.fusing.GraphInterpreterShell$AsyncInput.execute(ActorGraphInterpreter.scala:521)
	at akka.stream.impl.fusing.GraphInterpreterShell.processEvent(ActorGraphInterpreter.scala:625)
	at akka.stream.impl.fusing.ActorGraphInterpreter.akka$stream$impl$fusing$ActorGraphInterpreter$$processEvent(ActorGraphInterpreter.scala:800)
	at akka.stream.impl.fusing.ActorGraphInterpreter$$anonfun$receive$1.applyOrElse(ActorGraphInterpreter.scala:818)
	at akka.actor.Actor.aroundReceive(Actor.scala:537)
	at akka.actor.Actor.aroundReceive$(Actor.scala:535)
	at akka.stream.impl.fusing.ActorGraphInterpreter.aroundReceive(ActorGraphInterpreter.scala:716)
	at akka.actor.ActorCell.receiveMessage(ActorCell.scala:579)
	at akka.actor.ActorCell.invoke(ActorCell.scala:547)
	at akka.dispatch.Mailbox.processMailbox(Mailbox.scala:270)
	at akka.dispatch.Mailbox.run(Mailbox.scala:231)
	at akka.dispatch.Mailbox.exec(Mailbox.scala:243)
	at java.util.concurrent.ForkJoinTask.doExec(ForkJoinTask.java:289)
	at java.util.concurrent.ForkJoinPool$WorkQueue.runTask(ForkJoinPool.java:1067)
	at java.util.concurrent.ForkJoinPool.runWorker(ForkJoinPool.java:1703)
	at java.util.concurrent.ForkJoinWorkerThread.run(ForkJoinWorkerThread.java:172)
2023-07-24 10:45:19,749 [ERROR] from play.api.http.DevHttpErrorHandler in play-dev-mode-akka.actor.default-dispatcher-87 - 

! @82bb25i4d - Internal server error, for (GET) [/] ->
 
play.sbt.PlayExceptions$CompilationException: Compilation error[not enough arguments for method render: (widgets: Seq[models.Widget], form: play.data.Form[controllers.WidgetData], request: play.mvc.Http.Request, messages: play.i18n.Messages): play.twirl.api.HtmlFormat.Appendable.
Unspecified value parameters widgets, form, request...]
	at play.sbt.PlayExceptions$CompilationException$.apply(PlayExceptions.scala:34)
	at play.sbt.PlayExceptions$CompilationException$.apply(PlayExceptions.scala:34)
	at scala.Option.map(Option.scala:230)
	at play.sbt.run.PlayReload$.$anonfun$taskFailureHandler$8(PlayReload.scala:127)
	at scala.Option.map(Option.scala:230)
	at play.sbt.run.PlayReload$.taskFailureHandler(PlayReload.scala:100)
	at play.sbt.run.PlayReload$.compileFailure(PlayReload.scala:38)
	at play.sbt.run.PlayReload$.$anonfun$compile$3(PlayReload.scala:152)
	at scala.util.Either$LeftProjection.map(Either.scala:573)
	at play.sbt.run.PlayReload$.compile(PlayReload.scala:152)
	at play.sbt.run.PlayRun$.$anonfun$playRunTask$4(PlayRun.scala:80)
	at play.runsupport.Reloader.$anonfun$reload$1(Reloader.scala:501)
	at play.runsupport.Reloader$$anon$1.run(Reloader.scala:57)
	at java.security.AccessController.doPrivileged(Native Method)
	at play.runsupport.Reloader$.play$runsupport$Reloader$$withReloaderContextClassLoader(Reloader.scala:63)
	at play.runsupport.Reloader.reload(Reloader.scala:501)
	at play.core.server.DevServerStart$$anon$1.get(DevServerStart.scala:147)
	at play.core.server.AkkaHttpServer.handleRequest(AkkaHttpServer.scala:310)
	at play.core.server.AkkaHttpServer.$anonfun$createServerBinding$1(AkkaHttpServer.scala:227)
	at akka.stream.impl.fusing.MapAsync$$anon$30.onPush(Ops.scala:1309)
	at akka.stream.impl.fusing.GraphInterpreter.processPush(GraphInterpreter.scala:542)
	at akka.stream.impl.fusing.GraphInterpreter.processEvent(GraphInterpreter.scala:496)
	at akka.stream.impl.fusing.GraphInterpreter.execute(GraphInterpreter.scala:390)
	at akka.stream.impl.fusing.GraphInterpreterShell.runBatch(ActorGraphInterpreter.scala:650)
	at akka.stream.impl.fusing.GraphInterpreterShell$AsyncInput.execute(ActorGraphInterpreter.scala:521)
	at akka.stream.impl.fusing.GraphInterpreterShell.processEvent(ActorGraphInterpreter.scala:625)
	at akka.stream.impl.fusing.ActorGraphInterpreter.akka$stream$impl$fusing$ActorGraphInterpreter$$processEvent(ActorGraphInterpreter.scala:800)
	at akka.stream.impl.fusing.ActorGraphInterpreter$$anonfun$receive$1.applyOrElse(ActorGraphInterpreter.scala:818)
	at akka.actor.Actor.aroundReceive(Actor.scala:537)
	at akka.actor.Actor.aroundReceive$(Actor.scala:535)
	at akka.stream.impl.fusing.ActorGraphInterpreter.aroundReceive(ActorGraphInterpreter.scala:716)
	at akka.actor.ActorCell.receiveMessage(ActorCell.scala:579)
	at akka.actor.ActorCell.invoke(ActorCell.scala:547)
	at akka.dispatch.Mailbox.processMailbox(Mailbox.scala:270)
	at akka.dispatch.Mailbox.run(Mailbox.scala:231)
	at akka.dispatch.Mailbox.exec(Mailbox.scala:243)
	at java.util.concurrent.ForkJoinTask.doExec(ForkJoinTask.java:289)
	at java.util.concurrent.ForkJoinPool$WorkQueue.runTask(ForkJoinPool.java:1067)
	at java.util.concurrent.ForkJoinPool.runWorker(ForkJoinPool.java:1703)
	at java.util.concurrent.ForkJoinWorkerThread.run(ForkJoinWorkerThread.java:172)
2023-07-24 10:45:39,046 [INFO] from play.api.http.EnabledFilters in play-dev-mode-akka.actor.default-dispatcher-93 - Enabled Filters (see <https://www.playframework.com/documentation/latest/Filters>):

    play.filters.csrf.CSRFFilter
    play.filters.headers.SecurityHeadersFilter
    play.filters.hosts.AllowedHostsFilter

2023-07-24 10:45:39,050 [INFO] from play.api.Play in play-dev-mode-akka.actor.default-dispatcher-93 - Application started (Dev) (no global state)
2023-07-24 10:49:07,047 [ERROR] from play.api.http.DevHttpErrorHandler in play-dev-mode-akka.actor.default-dispatcher-115 - 

! @82bb2iga0 - Internal server error, for (GET) [/] ->
 
play.sbt.PlayExceptions$CompilationException: Compilation error[';' expected]
	at play.sbt.PlayExceptions$CompilationException$.apply(PlayExceptions.scala:34)
	at play.sbt.PlayExceptions$CompilationException$.apply(PlayExceptions.scala:34)
	at scala.Option.map(Option.scala:230)
	at play.sbt.run.PlayReload$.$anonfun$taskFailureHandler$8(PlayReload.scala:127)
	at scala.Option.map(Option.scala:230)
	at play.sbt.run.PlayReload$.taskFailureHandler(PlayReload.scala:100)
	at play.sbt.run.PlayReload$.compileFailure(PlayReload.scala:38)
	at play.sbt.run.PlayReload$.$anonfun$compile$3(PlayReload.scala:152)
	at scala.util.Either$LeftProjection.map(Either.scala:573)
	at play.sbt.run.PlayReload$.compile(PlayReload.scala:152)
	at play.sbt.run.PlayRun$.$anonfun$playRunTask$4(PlayRun.scala:80)
	at play.runsupport.Reloader.$anonfun$reload$1(Reloader.scala:501)
	at play.runsupport.Reloader$$anon$1.run(Reloader.scala:57)
	at java.security.AccessController.doPrivileged(Native Method)
	at play.runsupport.Reloader$.play$runsupport$Reloader$$withReloaderContextClassLoader(Reloader.scala:63)
	at play.runsupport.Reloader.reload(Reloader.scala:501)
	at play.core.server.DevServerStart$$anon$1.get(DevServerStart.scala:147)
	at play.core.server.AkkaHttpServer.handleRequest(AkkaHttpServer.scala:310)
	at play.core.server.AkkaHttpServer.$anonfun$createServerBinding$1(AkkaHttpServer.scala:227)
	at akka.stream.impl.fusing.MapAsync$$anon$30.onPush(Ops.scala:1309)
	at akka.stream.impl.fusing.GraphInterpreter.processPush(GraphInterpreter.scala:542)
	at akka.stream.impl.fusing.GraphInterpreter.processEvent(GraphInterpreter.scala:496)
	at akka.stream.impl.fusing.GraphInterpreter.execute(GraphInterpreter.scala:390)
	at akka.stream.impl.fusing.GraphInterpreterShell.runBatch(ActorGraphInterpreter.scala:650)
	at akka.stream.impl.fusing.GraphInterpreterShell$AsyncInput.execute(ActorGraphInterpreter.scala:521)
	at akka.stream.impl.fusing.GraphInterpreterShell.processEvent(ActorGraphInterpreter.scala:625)
	at akka.stream.impl.fusing.ActorGraphInterpreter.akka$stream$impl$fusing$ActorGraphInterpreter$$processEvent(ActorGraphInterpreter.scala:800)
	at akka.stream.impl.fusing.ActorGraphInterpreter$$anonfun$receive$1.applyOrElse(ActorGraphInterpreter.scala:818)
	at akka.actor.Actor.aroundReceive(Actor.scala:537)
	at akka.actor.Actor.aroundReceive$(Actor.scala:535)
	at akka.stream.impl.fusing.ActorGraphInterpreter.aroundReceive(ActorGraphInterpreter.scala:716)
	at akka.actor.ActorCell.receiveMessage(ActorCell.scala:579)
	at akka.actor.ActorCell.invoke(ActorCell.scala:547)
	at akka.dispatch.Mailbox.processMailbox(Mailbox.scala:270)
	at akka.dispatch.Mailbox.run(Mailbox.scala:231)
	at akka.dispatch.Mailbox.exec(Mailbox.scala:243)
	at java.util.concurrent.ForkJoinTask.doExec(ForkJoinTask.java:289)
	at java.util.concurrent.ForkJoinPool$WorkQueue.runTask(ForkJoinPool.java:1067)
	at java.util.concurrent.ForkJoinPool.runWorker(ForkJoinPool.java:1703)
	at java.util.concurrent.ForkJoinWorkerThread.run(ForkJoinWorkerThread.java:172)
2023-07-24 10:49:32,010 [INFO] from play.api.http.EnabledFilters in play-dev-mode-akka.actor.default-dispatcher-115 - Enabled Filters (see <https://www.playframework.com/documentation/latest/Filters>):

    play.filters.csrf.CSRFFilter
    play.filters.headers.SecurityHeadersFilter
    play.filters.hosts.AllowedHostsFilter

2023-07-24 10:49:32,015 [INFO] from play.api.Play in play-dev-mode-akka.actor.default-dispatcher-115 - Application started (Dev) (no global state)
2023-07-24 10:49:58,933 [ERROR] from play.api.http.DevHttpErrorHandler in play-dev-mode-akka.actor.default-dispatcher-120 - 

! @82bb2lf3k - Internal server error, for (GET) [/] ->
 
play.sbt.PlayExceptions$CompilationException: Compilation error[Not parsed?]
	at play.sbt.PlayExceptions$CompilationException$.apply(PlayExceptions.scala:34)
	at play.sbt.PlayExceptions$CompilationException$.apply(PlayExceptions.scala:34)
	at scala.Option.map(Option.scala:230)
	at play.sbt.run.PlayReload$.$anonfun$taskFailureHandler$8(PlayReload.scala:127)
	at scala.Option.map(Option.scala:230)
	at play.sbt.run.PlayReload$.taskFailureHandler(PlayReload.scala:100)
	at play.sbt.run.PlayReload$.compileFailure(PlayReload.scala:38)
	at play.sbt.run.PlayReload$.$anonfun$compile$3(PlayReload.scala:152)
	at scala.util.Either$LeftProjection.map(Either.scala:573)
	at play.sbt.run.PlayReload$.compile(PlayReload.scala:152)
	at play.sbt.run.PlayRun$.$anonfun$playRunTask$4(PlayRun.scala:80)
	at play.runsupport.Reloader.$anonfun$reload$1(Reloader.scala:501)
	at play.runsupport.Reloader$$anon$1.run(Reloader.scala:57)
	at java.security.AccessController.doPrivileged(Native Method)
	at play.runsupport.Reloader$.play$runsupport$Reloader$$withReloaderContextClassLoader(Reloader.scala:63)
	at play.runsupport.Reloader.reload(Reloader.scala:501)
	at play.core.server.DevServerStart$$anon$1.get(DevServerStart.scala:147)
	at play.core.server.AkkaHttpServer.handleRequest(AkkaHttpServer.scala:310)
	at play.core.server.AkkaHttpServer.$anonfun$createServerBinding$1(AkkaHttpServer.scala:227)
	at akka.stream.impl.fusing.MapAsync$$anon$30.onPush(Ops.scala:1309)
	at akka.stream.impl.fusing.GraphInterpreter.processPush(GraphInterpreter.scala:542)
	at akka.stream.impl.fusing.GraphInterpreter.processEvent(GraphInterpreter.scala:496)
	at akka.stream.impl.fusing.GraphInterpreter.execute(GraphInterpreter.scala:390)
	at akka.stream.impl.fusing.GraphInterpreterShell.runBatch(ActorGraphInterpreter.scala:650)
	at akka.stream.impl.fusing.GraphInterpreterShell$AsyncInput.execute(ActorGraphInterpreter.scala:521)
	at akka.stream.impl.fusing.GraphInterpreterShell.processEvent(ActorGraphInterpreter.scala:625)
	at akka.stream.impl.fusing.ActorGraphInterpreter.akka$stream$impl$fusing$ActorGraphInterpreter$$processEvent(ActorGraphInterpreter.scala:800)
	at akka.stream.impl.fusing.ActorGraphInterpreter$$anonfun$receive$1.applyOrElse(ActorGraphInterpreter.scala:818)
	at akka.actor.Actor.aroundReceive(Actor.scala:537)
	at akka.actor.Actor.aroundReceive$(Actor.scala:535)
	at akka.stream.impl.fusing.ActorGraphInterpreter.aroundReceive(ActorGraphInterpreter.scala:716)
	at akka.actor.ActorCell.receiveMessage(ActorCell.scala:579)
	at akka.actor.ActorCell.invoke(ActorCell.scala:547)
	at akka.dispatch.Mailbox.processMailbox(Mailbox.scala:270)
	at akka.dispatch.Mailbox.run(Mailbox.scala:231)
	at akka.dispatch.Mailbox.exec(Mailbox.scala:243)
	at java.util.concurrent.ForkJoinTask.doExec(ForkJoinTask.java:289)
	at java.util.concurrent.ForkJoinPool$WorkQueue.runTask(ForkJoinPool.java:1067)
	at java.util.concurrent.ForkJoinPool.runWorker(ForkJoinPool.java:1703)
	at java.util.concurrent.ForkJoinWorkerThread.run(ForkJoinWorkerThread.java:172)
2023-07-24 10:50:07,248 [ERROR] from play.api.http.DevHttpErrorHandler in play-dev-mode-akka.actor.default-dispatcher-124 - 

! @82bb2m1c4 - Internal server error, for (GET) [/] ->
 
play.sbt.PlayExceptions$CompilationException: Compilation error[method render in class views.html.index cannot be applied to given types;
  required: scala.collection.immutable.Seq<models.Widget>,play.data.Form<controllers.WidgetData>,play.mvc.Http.Request,play.i18n.Messages
  found: no arguments
  reason: actual and formal argument lists differ in length]
	at play.sbt.PlayExceptions$CompilationException$.apply(PlayExceptions.scala:34)
	at play.sbt.PlayExceptions$CompilationException$.apply(PlayExceptions.scala:34)
	at scala.Option.map(Option.scala:230)
	at play.sbt.run.PlayReload$.$anonfun$taskFailureHandler$8(PlayReload.scala:127)
	at scala.Option.map(Option.scala:230)
	at play.sbt.run.PlayReload$.taskFailureHandler(PlayReload.scala:100)
	at play.sbt.run.PlayReload$.compileFailure(PlayReload.scala:38)
	at play.sbt.run.PlayReload$.$anonfun$compile$3(PlayReload.scala:152)
	at scala.util.Either$LeftProjection.map(Either.scala:573)
	at play.sbt.run.PlayReload$.compile(PlayReload.scala:152)
	at play.sbt.run.PlayRun$.$anonfun$playRunTask$4(PlayRun.scala:80)
	at play.runsupport.Reloader.$anonfun$reload$1(Reloader.scala:501)
	at play.runsupport.Reloader$$anon$1.run(Reloader.scala:57)
	at java.security.AccessController.doPrivileged(Native Method)
	at play.runsupport.Reloader$.play$runsupport$Reloader$$withReloaderContextClassLoader(Reloader.scala:63)
	at play.runsupport.Reloader.reload(Reloader.scala:501)
	at play.core.server.DevServerStart$$anon$1.get(DevServerStart.scala:147)
	at play.core.server.AkkaHttpServer.handleRequest(AkkaHttpServer.scala:310)
	at play.core.server.AkkaHttpServer.$anonfun$createServerBinding$1(AkkaHttpServer.scala:227)
	at akka.stream.impl.fusing.MapAsync$$anon$30.onPush(Ops.scala:1309)
	at akka.stream.impl.fusing.GraphInterpreter.processPush(GraphInterpreter.scala:542)
	at akka.stream.impl.fusing.GraphInterpreter.processEvent(GraphInterpreter.scala:496)
	at akka.stream.impl.fusing.GraphInterpreter.execute(GraphInterpreter.scala:390)
	at akka.stream.impl.fusing.GraphInterpreterShell.runBatch(ActorGraphInterpreter.scala:650)
	at akka.stream.impl.fusing.GraphInterpreterShell$AsyncInput.execute(ActorGraphInterpreter.scala:521)
	at akka.stream.impl.fusing.GraphInterpreterShell.processEvent(ActorGraphInterpreter.scala:625)
	at akka.stream.impl.fusing.ActorGraphInterpreter.akka$stream$impl$fusing$ActorGraphInterpreter$$processEvent(ActorGraphInterpreter.scala:800)
	at akka.stream.impl.fusing.ActorGraphInterpreter$$anonfun$receive$1.applyOrElse(ActorGraphInterpreter.scala:818)
	at akka.actor.Actor.aroundReceive(Actor.scala:537)
	at akka.actor.Actor.aroundReceive$(Actor.scala:535)
	at akka.stream.impl.fusing.ActorGraphInterpreter.aroundReceive(ActorGraphInterpreter.scala:716)
	at akka.actor.ActorCell.receiveMessage(ActorCell.scala:579)
	at akka.actor.ActorCell.invoke(ActorCell.scala:547)
	at akka.dispatch.Mailbox.processMailbox(Mailbox.scala:270)
	at akka.dispatch.Mailbox.run(Mailbox.scala:231)
	at akka.dispatch.Mailbox.exec(Mailbox.scala:243)
	at java.util.concurrent.ForkJoinTask.doExec(ForkJoinTask.java:289)
	at java.util.concurrent.ForkJoinPool$WorkQueue.runTask(ForkJoinPool.java:1067)
	at java.util.concurrent.ForkJoinPool.runWorker(ForkJoinPool.java:1703)
	at java.util.concurrent.ForkJoinWorkerThread.run(ForkJoinWorkerThread.java:172)
2023-07-24 10:51:20,268 [ERROR] from play.api.http.DevHttpErrorHandler in play-dev-mode-akka.actor.default-dispatcher-124 - 

! @82bb305cg - Internal server error, for (GET) [/] ->
 
play.sbt.PlayExceptions$CompilationException: Compilation error[method render in class views.html.index cannot be applied to given types;
  required: scala.collection.immutable.Seq<models.Widget>,play.data.Form<controllers.WidgetData>,play.mvc.Http.Request,play.i18n.Messages
  found: no arguments
  reason: actual and formal argument lists differ in length]
	at play.sbt.PlayExceptions$CompilationException$.apply(PlayExceptions.scala:34)
	at play.sbt.PlayExceptions$CompilationException$.apply(PlayExceptions.scala:34)
	at scala.Option.map(Option.scala:230)
	at play.sbt.run.PlayReload$.$anonfun$taskFailureHandler$8(PlayReload.scala:127)
	at scala.Option.map(Option.scala:230)
	at play.sbt.run.PlayReload$.taskFailureHandler(PlayReload.scala:100)
	at play.sbt.run.PlayReload$.compileFailure(PlayReload.scala:38)
	at play.sbt.run.PlayReload$.$anonfun$compile$3(PlayReload.scala:152)
	at scala.util.Either$LeftProjection.map(Either.scala:573)
	at play.sbt.run.PlayReload$.compile(PlayReload.scala:152)
	at play.sbt.run.PlayRun$.$anonfun$playRunTask$4(PlayRun.scala:80)
	at play.runsupport.Reloader.$anonfun$reload$1(Reloader.scala:501)
	at play.runsupport.Reloader$$anon$1.run(Reloader.scala:57)
	at java.security.AccessController.doPrivileged(Native Method)
	at play.runsupport.Reloader$.play$runsupport$Reloader$$withReloaderContextClassLoader(Reloader.scala:63)
	at play.runsupport.Reloader.reload(Reloader.scala:501)
	at play.core.server.DevServerStart$$anon$1.get(DevServerStart.scala:147)
	at play.core.server.AkkaHttpServer.handleRequest(AkkaHttpServer.scala:310)
	at play.core.server.AkkaHttpServer.$anonfun$createServerBinding$1(AkkaHttpServer.scala:227)
	at akka.stream.impl.fusing.MapAsync$$anon$30.onPush(Ops.scala:1309)
	at akka.stream.impl.fusing.GraphInterpreter.processPush(GraphInterpreter.scala:542)
	at akka.stream.impl.fusing.GraphInterpreter.processEvent(GraphInterpreter.scala:496)
	at akka.stream.impl.fusing.GraphInterpreter.execute(GraphInterpreter.scala:390)
	at akka.stream.impl.fusing.GraphInterpreterShell.runBatch(ActorGraphInterpreter.scala:650)
	at akka.stream.impl.fusing.GraphInterpreterShell$AsyncInput.execute(ActorGraphInterpreter.scala:521)
	at akka.stream.impl.fusing.GraphInterpreterShell.processEvent(ActorGraphInterpreter.scala:625)
	at akka.stream.impl.fusing.ActorGraphInterpreter.akka$stream$impl$fusing$ActorGraphInterpreter$$processEvent(ActorGraphInterpreter.scala:800)
	at akka.stream.impl.fusing.ActorGraphInterpreter$$anonfun$receive$1.applyOrElse(ActorGraphInterpreter.scala:818)
	at akka.actor.Actor.aroundReceive(Actor.scala:537)
	at akka.actor.Actor.aroundReceive$(Actor.scala:535)
	at akka.stream.impl.fusing.ActorGraphInterpreter.aroundReceive(ActorGraphInterpreter.scala:716)
	at akka.actor.ActorCell.receiveMessage(ActorCell.scala:579)
	at akka.actor.ActorCell.invoke(ActorCell.scala:547)
	at akka.dispatch.Mailbox.processMailbox(Mailbox.scala:270)
	at akka.dispatch.Mailbox.run(Mailbox.scala:231)
	at akka.dispatch.Mailbox.exec(Mailbox.scala:243)
	at java.util.concurrent.ForkJoinTask.doExec(ForkJoinTask.java:289)
	at java.util.concurrent.ForkJoinPool$WorkQueue.runTask(ForkJoinPool.java:1067)
	at java.util.concurrent.ForkJoinPool.runWorker(ForkJoinPool.java:1703)
	at java.util.concurrent.ForkJoinWorkerThread.run(ForkJoinWorkerThread.java:172)
2023-07-24 10:51:22,823 [ERROR] from play.api.http.DevHttpErrorHandler in play-dev-mode-akka.actor.default-dispatcher-124 - 

! @82bb3096n - Internal server error, for (GET) [/] ->
 
play.sbt.PlayExceptions$CompilationException: Compilation error[method render in class views.html.index cannot be applied to given types;
  required: scala.collection.immutable.Seq<models.Widget>,play.data.Form<controllers.WidgetData>,play.mvc.Http.Request,play.i18n.Messages
  found: no arguments
  reason: actual and formal argument lists differ in length]
	at play.sbt.PlayExceptions$CompilationException$.apply(PlayExceptions.scala:34)
	at play.sbt.PlayExceptions$CompilationException$.apply(PlayExceptions.scala:34)
	at scala.Option.map(Option.scala:230)
	at play.sbt.run.PlayReload$.$anonfun$taskFailureHandler$8(PlayReload.scala:127)
	at scala.Option.map(Option.scala:230)
	at play.sbt.run.PlayReload$.taskFailureHandler(PlayReload.scala:100)
	at play.sbt.run.PlayReload$.compileFailure(PlayReload.scala:38)
	at play.sbt.run.PlayReload$.$anonfun$compile$3(PlayReload.scala:152)
	at scala.util.Either$LeftProjection.map(Either.scala:573)
	at play.sbt.run.PlayReload$.compile(PlayReload.scala:152)
	at play.sbt.run.PlayRun$.$anonfun$playRunTask$4(PlayRun.scala:80)
	at play.runsupport.Reloader.$anonfun$reload$1(Reloader.scala:501)
	at play.runsupport.Reloader$$anon$1.run(Reloader.scala:57)
	at java.security.AccessController.doPrivileged(Native Method)
	at play.runsupport.Reloader$.play$runsupport$Reloader$$withReloaderContextClassLoader(Reloader.scala:63)
	at play.runsupport.Reloader.reload(Reloader.scala:501)
	at play.core.server.DevServerStart$$anon$1.get(DevServerStart.scala:147)
	at play.core.server.AkkaHttpServer.handleRequest(AkkaHttpServer.scala:310)
	at play.core.server.AkkaHttpServer.$anonfun$createServerBinding$1(AkkaHttpServer.scala:227)
	at akka.stream.impl.fusing.MapAsync$$anon$30.onPush(Ops.scala:1309)
	at akka.stream.impl.fusing.GraphInterpreter.processPush(GraphInterpreter.scala:542)
	at akka.stream.impl.fusing.GraphInterpreter.processEvent(GraphInterpreter.scala:496)
	at akka.stream.impl.fusing.GraphInterpreter.execute(GraphInterpreter.scala:390)
	at akka.stream.impl.fusing.GraphInterpreterShell.runBatch(ActorGraphInterpreter.scala:650)
	at akka.stream.impl.fusing.GraphInterpreterShell$AsyncInput.execute(ActorGraphInterpreter.scala:521)
	at akka.stream.impl.fusing.GraphInterpreterShell.processEvent(ActorGraphInterpreter.scala:625)
	at akka.stream.impl.fusing.ActorGraphInterpreter.akka$stream$impl$fusing$ActorGraphInterpreter$$processEvent(ActorGraphInterpreter.scala:800)
	at akka.stream.impl.fusing.ActorGraphInterpreter$$anonfun$receive$1.applyOrElse(ActorGraphInterpreter.scala:818)
	at akka.actor.Actor.aroundReceive(Actor.scala:537)
	at akka.actor.Actor.aroundReceive$(Actor.scala:535)
	at akka.stream.impl.fusing.ActorGraphInterpreter.aroundReceive(ActorGraphInterpreter.scala:716)
	at akka.actor.ActorCell.receiveMessage(ActorCell.scala:579)
	at akka.actor.ActorCell.invoke(ActorCell.scala:547)
	at akka.dispatch.Mailbox.processMailbox(Mailbox.scala:270)
	at akka.dispatch.Mailbox.run(Mailbox.scala:231)
	at akka.dispatch.Mailbox.exec(Mailbox.scala:243)
	at java.util.concurrent.ForkJoinTask.doExec(ForkJoinTask.java:289)
	at java.util.concurrent.ForkJoinPool$WorkQueue.runTask(ForkJoinPool.java:1067)
	at java.util.concurrent.ForkJoinPool.runWorker(ForkJoinPool.java:1703)
	at java.util.concurrent.ForkJoinWorkerThread.run(ForkJoinWorkerThread.java:172)
2023-07-24 10:51:42,897 [INFO] from play.api.http.EnabledFilters in play-dev-mode-akka.actor.default-dispatcher-120 - Enabled Filters (see <https://www.playframework.com/documentation/latest/Filters>):

    play.filters.csrf.CSRFFilter
    play.filters.headers.SecurityHeadersFilter
    play.filters.hosts.AllowedHostsFilter

2023-07-24 10:51:42,902 [INFO] from play.api.Play in play-dev-mode-akka.actor.default-dispatcher-120 - Application started (Dev) (no global state)
2023-07-24 10:52:43,149 [INFO] from play.api.http.EnabledFilters in play-dev-mode-akka.actor.default-dispatcher-115 - Enabled Filters (see <https://www.playframework.com/documentation/latest/Filters>):

    play.filters.csrf.CSRFFilter
    play.filters.headers.SecurityHeadersFilter
    play.filters.hosts.AllowedHostsFilter

2023-07-24 10:52:43,152 [INFO] from play.api.Play in play-dev-mode-akka.actor.default-dispatcher-115 - Application started (Dev) (no global state)
2023-07-24 11:03:26,044 [ERROR] from play.api.http.DevHttpErrorHandler in play-dev-mode-akka.actor.default-dispatcher-147 - 

! @82bb4fd2g - Internal server error, for (GET) [/] ->
 
play.sbt.PlayExceptions$CompilationException: Compilation error[method render in class views.html.index cannot be applied to given types;
  required: scala.collection.immutable.Seq<models.Widget>,play.data.Form<controllers.WidgetData>,play.mvc.Http.Request,play.i18n.Messages
  found: no arguments
  reason: actual and formal argument lists differ in length]
	at play.sbt.PlayExceptions$CompilationException$.apply(PlayExceptions.scala:34)
	at play.sbt.PlayExceptions$CompilationException$.apply(PlayExceptions.scala:34)
	at scala.Option.map(Option.scala:230)
	at play.sbt.run.PlayReload$.$anonfun$taskFailureHandler$8(PlayReload.scala:127)
	at scala.Option.map(Option.scala:230)
	at play.sbt.run.PlayReload$.taskFailureHandler(PlayReload.scala:100)
	at play.sbt.run.PlayReload$.compileFailure(PlayReload.scala:38)
	at play.sbt.run.PlayReload$.$anonfun$compile$3(PlayReload.scala:152)
	at scala.util.Either$LeftProjection.map(Either.scala:573)
	at play.sbt.run.PlayReload$.compile(PlayReload.scala:152)
	at play.sbt.run.PlayRun$.$anonfun$playRunTask$4(PlayRun.scala:80)
	at play.runsupport.Reloader.$anonfun$reload$1(Reloader.scala:501)
	at play.runsupport.Reloader$$anon$1.run(Reloader.scala:57)
	at java.security.AccessController.doPrivileged(Native Method)
	at play.runsupport.Reloader$.play$runsupport$Reloader$$withReloaderContextClassLoader(Reloader.scala:63)
	at play.runsupport.Reloader.reload(Reloader.scala:501)
	at play.core.server.DevServerStart$$anon$1.get(DevServerStart.scala:147)
	at play.core.server.AkkaHttpServer.handleRequest(AkkaHttpServer.scala:310)
	at play.core.server.AkkaHttpServer.$anonfun$createServerBinding$1(AkkaHttpServer.scala:227)
	at akka.stream.impl.fusing.MapAsync$$anon$30.onPush(Ops.scala:1309)
	at akka.stream.impl.fusing.GraphInterpreter.processPush(GraphInterpreter.scala:542)
	at akka.stream.impl.fusing.GraphInterpreter.processEvent(GraphInterpreter.scala:496)
	at akka.stream.impl.fusing.GraphInterpreter.execute(GraphInterpreter.scala:390)
	at akka.stream.impl.fusing.GraphInterpreterShell.runBatch(ActorGraphInterpreter.scala:650)
	at akka.stream.impl.fusing.GraphInterpreterShell$AsyncInput.execute(ActorGraphInterpreter.scala:521)
	at akka.stream.impl.fusing.GraphInterpreterShell.processEvent(ActorGraphInterpreter.scala:625)
	at akka.stream.impl.fusing.ActorGraphInterpreter.akka$stream$impl$fusing$ActorGraphInterpreter$$processEvent(ActorGraphInterpreter.scala:800)
	at akka.stream.impl.fusing.ActorGraphInterpreter$$anonfun$receive$1.applyOrElse(ActorGraphInterpreter.scala:818)
	at akka.actor.Actor.aroundReceive(Actor.scala:537)
	at akka.actor.Actor.aroundReceive$(Actor.scala:535)
	at akka.stream.impl.fusing.ActorGraphInterpreter.aroundReceive(ActorGraphInterpreter.scala:716)
	at akka.actor.ActorCell.receiveMessage(ActorCell.scala:579)
	at akka.actor.ActorCell.invoke(ActorCell.scala:547)
	at akka.dispatch.Mailbox.processMailbox(Mailbox.scala:270)
	at akka.dispatch.Mailbox.run(Mailbox.scala:231)
	at akka.dispatch.Mailbox.exec(Mailbox.scala:243)
	at java.util.concurrent.ForkJoinTask.doExec(ForkJoinTask.java:289)
	at java.util.concurrent.ForkJoinPool$WorkQueue.runTask(ForkJoinPool.java:1067)
	at java.util.concurrent.ForkJoinPool.runWorker(ForkJoinPool.java:1703)
	at java.util.concurrent.ForkJoinWorkerThread.run(ForkJoinWorkerThread.java:172)
2023-07-24 11:21:17,887 [ERROR] from play.api.http.DevHttpErrorHandler in play-dev-mode-akka.actor.default-dispatcher-158 - 

! @82bb6ochl - Internal server error, for (GET) [/] ->
 
play.sbt.PlayExceptions$CompilationException: Compilation error[';' expected]
	at play.sbt.PlayExceptions$CompilationException$.apply(PlayExceptions.scala:34)
	at play.sbt.PlayExceptions$CompilationException$.apply(PlayExceptions.scala:34)
	at scala.Option.map(Option.scala:230)
	at play.sbt.run.PlayReload$.$anonfun$taskFailureHandler$8(PlayReload.scala:127)
	at scala.Option.map(Option.scala:230)
	at play.sbt.run.PlayReload$.taskFailureHandler(PlayReload.scala:100)
	at play.sbt.run.PlayReload$.compileFailure(PlayReload.scala:38)
	at play.sbt.run.PlayReload$.$anonfun$compile$3(PlayReload.scala:152)
	at scala.util.Either$LeftProjection.map(Either.scala:573)
	at play.sbt.run.PlayReload$.compile(PlayReload.scala:152)
	at play.sbt.run.PlayRun$.$anonfun$playRunTask$4(PlayRun.scala:80)
	at play.runsupport.Reloader.$anonfun$reload$1(Reloader.scala:501)
	at play.runsupport.Reloader$$anon$1.run(Reloader.scala:57)
	at java.security.AccessController.doPrivileged(Native Method)
	at play.runsupport.Reloader$.play$runsupport$Reloader$$withReloaderContextClassLoader(Reloader.scala:63)
	at play.runsupport.Reloader.reload(Reloader.scala:501)
	at play.core.server.DevServerStart$$anon$1.get(DevServerStart.scala:147)
	at play.core.server.AkkaHttpServer.handleRequest(AkkaHttpServer.scala:310)
	at play.core.server.AkkaHttpServer.$anonfun$createServerBinding$1(AkkaHttpServer.scala:227)
	at akka.stream.impl.fusing.MapAsync$$anon$30.onPush(Ops.scala:1309)
	at akka.stream.impl.fusing.GraphInterpreter.processPush(GraphInterpreter.scala:542)
	at akka.stream.impl.fusing.GraphInterpreter.processEvent(GraphInterpreter.scala:496)
	at akka.stream.impl.fusing.GraphInterpreter.execute(GraphInterpreter.scala:390)
	at akka.stream.impl.fusing.GraphInterpreterShell.runBatch(ActorGraphInterpreter.scala:650)
	at akka.stream.impl.fusing.GraphInterpreterShell$AsyncInput.execute(ActorGraphInterpreter.scala:521)
	at akka.stream.impl.fusing.GraphInterpreterShell.processEvent(ActorGraphInterpreter.scala:625)
	at akka.stream.impl.fusing.ActorGraphInterpreter.akka$stream$impl$fusing$ActorGraphInterpreter$$processEvent(ActorGraphInterpreter.scala:800)
	at akka.stream.impl.fusing.ActorGraphInterpreter$$anonfun$receive$1.applyOrElse(ActorGraphInterpreter.scala:818)
	at akka.actor.Actor.aroundReceive(Actor.scala:537)
	at akka.actor.Actor.aroundReceive$(Actor.scala:535)
	at akka.stream.impl.fusing.ActorGraphInterpreter.aroundReceive(ActorGraphInterpreter.scala:716)
	at akka.actor.ActorCell.receiveMessage(ActorCell.scala:579)
	at akka.actor.ActorCell.invoke(ActorCell.scala:547)
	at akka.dispatch.Mailbox.processMailbox(Mailbox.scala:270)
	at akka.dispatch.Mailbox.run(Mailbox.scala:231)
	at akka.dispatch.Mailbox.exec(Mailbox.scala:243)
	at java.util.concurrent.ForkJoinTask.doExec(ForkJoinTask.java:289)
	at java.util.concurrent.ForkJoinPool$WorkQueue.runTask(ForkJoinPool.java:1067)
	at java.util.concurrent.ForkJoinPool.runWorker(ForkJoinPool.java:1703)
	at java.util.concurrent.ForkJoinWorkerThread.run(ForkJoinWorkerThread.java:172)
2023-07-24 12:16:10,806 [ERROR] from play.api.http.DevHttpErrorHandler in play-dev-mode-akka.actor.default-dispatcher-169 - 

! @82bbe3lme - Internal server error, for (GET) [/] ->
 
play.sbt.PlayExceptions$CompilationException: Compilation error[missing argument list for method index in class HomeController
Unapplied methods are only converted to functions when a function type is expected.
You can make this conversion explicit by writing `index _` or `index(_)` instead of `index`.]
	at play.sbt.PlayExceptions$CompilationException$.apply(PlayExceptions.scala:34)
	at play.sbt.PlayExceptions$CompilationException$.apply(PlayExceptions.scala:34)
	at scala.Option.map(Option.scala:230)
	at play.sbt.run.PlayReload$.$anonfun$taskFailureHandler$8(PlayReload.scala:127)
	at scala.Option.map(Option.scala:230)
	at play.sbt.run.PlayReload$.taskFailureHandler(PlayReload.scala:100)
	at play.sbt.run.PlayReload$.compileFailure(PlayReload.scala:38)
	at play.sbt.run.PlayReload$.$anonfun$compile$3(PlayReload.scala:152)
	at scala.util.Either$LeftProjection.map(Either.scala:573)
	at play.sbt.run.PlayReload$.compile(PlayReload.scala:152)
	at play.sbt.run.PlayRun$.$anonfun$playRunTask$4(PlayRun.scala:80)
	at play.runsupport.Reloader.$anonfun$reload$1(Reloader.scala:501)
	at play.runsupport.Reloader$$anon$1.run(Reloader.scala:57)
	at java.security.AccessController.doPrivileged(Native Method)
	at play.runsupport.Reloader$.play$runsupport$Reloader$$withReloaderContextClassLoader(Reloader.scala:63)
	at play.runsupport.Reloader.reload(Reloader.scala:501)
	at play.core.server.DevServerStart$$anon$1.get(DevServerStart.scala:147)
	at play.core.server.AkkaHttpServer.handleRequest(AkkaHttpServer.scala:310)
	at play.core.server.AkkaHttpServer.$anonfun$createServerBinding$1(AkkaHttpServer.scala:227)
	at akka.stream.impl.fusing.MapAsync$$anon$30.onPush(Ops.scala:1309)
	at akka.stream.impl.fusing.GraphInterpreter.processPush(GraphInterpreter.scala:542)
	at akka.stream.impl.fusing.GraphInterpreter.processEvent(GraphInterpreter.scala:496)
	at akka.stream.impl.fusing.GraphInterpreter.execute(GraphInterpreter.scala:390)
	at akka.stream.impl.fusing.GraphInterpreterShell.runBatch(ActorGraphInterpreter.scala:650)
	at akka.stream.impl.fusing.GraphInterpreterShell$AsyncInput.execute(ActorGraphInterpreter.scala:521)
	at akka.stream.impl.fusing.GraphInterpreterShell.processEvent(ActorGraphInterpreter.scala:625)
	at akka.stream.impl.fusing.ActorGraphInterpreter.akka$stream$impl$fusing$ActorGraphInterpreter$$processEvent(ActorGraphInterpreter.scala:800)
	at akka.stream.impl.fusing.ActorGraphInterpreter$$anonfun$receive$1.applyOrElse(ActorGraphInterpreter.scala:818)
	at akka.actor.Actor.aroundReceive(Actor.scala:537)
	at akka.actor.Actor.aroundReceive$(Actor.scala:535)
	at akka.stream.impl.fusing.ActorGraphInterpreter.aroundReceive(ActorGraphInterpreter.scala:716)
	at akka.actor.ActorCell.receiveMessage(ActorCell.scala:579)
	at akka.actor.ActorCell.invoke(ActorCell.scala:547)
	at akka.dispatch.Mailbox.processMailbox(Mailbox.scala:270)
	at akka.dispatch.Mailbox.run(Mailbox.scala:231)
	at akka.dispatch.Mailbox.exec(Mailbox.scala:243)
	at java.util.concurrent.ForkJoinTask.doExec(ForkJoinTask.java:289)
	at java.util.concurrent.ForkJoinPool$WorkQueue.runTask(ForkJoinPool.java:1067)
	at java.util.concurrent.ForkJoinPool.runWorker(ForkJoinPool.java:1703)
	at java.util.concurrent.ForkJoinWorkerThread.run(ForkJoinWorkerThread.java:172)
2023-07-24 12:38:04,932 [ERROR] from play.api.http.DevHttpErrorHandler in play-dev-mode-akka.actor.default-dispatcher-178 - 

! @82bbh0flm - Internal server error, for (GET) [/] ->
 
play.sbt.PlayExceptions$CompilationException: Compilation error[method render in class views.html.index cannot be applied to given types;
  required: scala.collection.immutable.Seq<models.Widget>,play.data.Form<controllers.WidgetData>,play.mvc.Http.Request,play.i18n.Messages
  found: no arguments
  reason: actual and formal argument lists differ in length]
	at play.sbt.PlayExceptions$CompilationException$.apply(PlayExceptions.scala:34)
	at play.sbt.PlayExceptions$CompilationException$.apply(PlayExceptions.scala:34)
	at scala.Option.map(Option.scala:230)
	at play.sbt.run.PlayReload$.$anonfun$taskFailureHandler$8(PlayReload.scala:127)
	at scala.Option.map(Option.scala:230)
	at play.sbt.run.PlayReload$.taskFailureHandler(PlayReload.scala:100)
	at play.sbt.run.PlayReload$.compileFailure(PlayReload.scala:38)
	at play.sbt.run.PlayReload$.$anonfun$compile$3(PlayReload.scala:152)
	at scala.util.Either$LeftProjection.map(Either.scala:573)
	at play.sbt.run.PlayReload$.compile(PlayReload.scala:152)
	at play.sbt.run.PlayRun$.$anonfun$playRunTask$4(PlayRun.scala:80)
	at play.runsupport.Reloader.$anonfun$reload$1(Reloader.scala:501)
	at play.runsupport.Reloader$$anon$1.run(Reloader.scala:57)
	at java.security.AccessController.doPrivileged(Native Method)
	at play.runsupport.Reloader$.play$runsupport$Reloader$$withReloaderContextClassLoader(Reloader.scala:63)
	at play.runsupport.Reloader.reload(Reloader.scala:501)
	at play.core.server.DevServerStart$$anon$1.get(DevServerStart.scala:147)
	at play.core.server.AkkaHttpServer.handleRequest(AkkaHttpServer.scala:310)
	at play.core.server.AkkaHttpServer.$anonfun$createServerBinding$1(AkkaHttpServer.scala:227)
	at akka.stream.impl.fusing.MapAsync$$anon$30.onPush(Ops.scala:1309)
	at akka.stream.impl.fusing.GraphInterpreter.processPush(GraphInterpreter.scala:542)
	at akka.stream.impl.fusing.GraphInterpreter.processEvent(GraphInterpreter.scala:496)
	at akka.stream.impl.fusing.GraphInterpreter.execute(GraphInterpreter.scala:390)
	at akka.stream.impl.fusing.GraphInterpreterShell.runBatch(ActorGraphInterpreter.scala:650)
	at akka.stream.impl.fusing.GraphInterpreterShell$AsyncInput.execute(ActorGraphInterpreter.scala:521)
	at akka.stream.impl.fusing.GraphInterpreterShell.processEvent(ActorGraphInterpreter.scala:625)
	at akka.stream.impl.fusing.ActorGraphInterpreter.akka$stream$impl$fusing$ActorGraphInterpreter$$processEvent(ActorGraphInterpreter.scala:800)
	at akka.stream.impl.fusing.ActorGraphInterpreter$$anonfun$receive$1.applyOrElse(ActorGraphInterpreter.scala:818)
	at akka.actor.Actor.aroundReceive(Actor.scala:537)
	at akka.actor.Actor.aroundReceive$(Actor.scala:535)
	at akka.stream.impl.fusing.ActorGraphInterpreter.aroundReceive(ActorGraphInterpreter.scala:716)
	at akka.actor.ActorCell.receiveMessage(ActorCell.scala:579)
	at akka.actor.ActorCell.invoke(ActorCell.scala:547)
	at akka.dispatch.Mailbox.processMailbox(Mailbox.scala:270)
	at akka.dispatch.Mailbox.run(Mailbox.scala:231)
	at akka.dispatch.Mailbox.exec(Mailbox.scala:243)
	at java.util.concurrent.ForkJoinTask.doExec(ForkJoinTask.java:289)
	at java.util.concurrent.ForkJoinPool$WorkQueue.runTask(ForkJoinPool.java:1067)
	at java.util.concurrent.ForkJoinPool.runWorker(ForkJoinPool.java:1703)
	at java.util.concurrent.ForkJoinWorkerThread.run(ForkJoinWorkerThread.java:172)
2023-07-24 12:39:41,851 [ERROR] from play.api.http.DevHttpErrorHandler in play-dev-mode-akka.actor.default-dispatcher-181 - 

! @82bbh634g - Internal server error, for (GET) [/] ->
 
play.sbt.routes.RoutesCompilationException: Compilation error[end of input expected]
	at play.sbt.routes.RoutesCompiler$.$anonfun$compileRoutes$4(RoutesCompiler.scala:177)
	at scala.collection.immutable.List.map(List.scala:293)
	at play.sbt.routes.RoutesCompiler$.compileRoutes(RoutesCompiler.scala:175)
	at play.sbt.routes.RoutesCompiler$.$anonfun$compileRoutesFiles$1(RoutesCompiler.scala:145)
	at scala.Function1.$anonfun$compose$1(Function1.scala:49)
	at sbt.internal.util.$tilde$greater.$anonfun$$u2219$1(TypeFunctions.scala:62)
	at sbt.std.Transform$$anon$4.work(Transform.scala:68)
	at sbt.Execute.$anonfun$submit$2(Execute.scala:282)
	at sbt.internal.util.ErrorHandling$.wideConvert(ErrorHandling.scala:23)
	at sbt.Execute.work(Execute.scala:291)
	at sbt.Execute.$anonfun$submit$1(Execute.scala:282)
	at sbt.ConcurrentRestrictions$$anon$4.$anonfun$submitValid$1(ConcurrentRestrictions.scala:265)
	at sbt.CompletionService$$anon$2.call(CompletionService.scala:64)
	at java.util.concurrent.FutureTask.run(FutureTask.java:266)
	at java.util.concurrent.Executors$RunnableAdapter.call(Executors.java:511)
	at java.util.concurrent.FutureTask.run(FutureTask.java:266)
	at java.util.concurrent.ThreadPoolExecutor.runWorker(ThreadPoolExecutor.java:1149)
	at java.util.concurrent.ThreadPoolExecutor$Worker.run(ThreadPoolExecutor.java:624)
	at java.lang.Thread.run(Thread.java:750)
2023-07-24 12:50:37,396 [ERROR] from play.api.http.DevHttpErrorHandler in play-dev-mode-akka.actor.default-dispatcher-193 - 

! @82bbihaok - Internal server error, for (GET) [/] ->
 
play.sbt.PlayExceptions$CompilationException: Compilation error[value listWidgets is not a member of controllers.WidgetController]
	at play.sbt.PlayExceptions$CompilationException$.apply(PlayExceptions.scala:34)
	at play.sbt.PlayExceptions$CompilationException$.apply(PlayExceptions.scala:34)
	at scala.Option.map(Option.scala:230)
	at play.sbt.run.PlayReload$.$anonfun$taskFailureHandler$8(PlayReload.scala:127)
	at scala.Option.map(Option.scala:230)
	at play.sbt.run.PlayReload$.taskFailureHandler(PlayReload.scala:100)
	at play.sbt.run.PlayReload$.compileFailure(PlayReload.scala:38)
	at play.sbt.run.PlayReload$.$anonfun$compile$3(PlayReload.scala:152)
	at scala.util.Either$LeftProjection.map(Either.scala:573)
	at play.sbt.run.PlayReload$.compile(PlayReload.scala:152)
	at play.sbt.run.PlayRun$.$anonfun$playRunTask$4(PlayRun.scala:80)
	at play.runsupport.Reloader.$anonfun$reload$1(Reloader.scala:501)
	at play.runsupport.Reloader$$anon$1.run(Reloader.scala:57)
	at java.security.AccessController.doPrivileged(Native Method)
	at play.runsupport.Reloader$.play$runsupport$Reloader$$withReloaderContextClassLoader(Reloader.scala:63)
	at play.runsupport.Reloader.reload(Reloader.scala:501)
	at play.core.server.DevServerStart$$anon$1.get(DevServerStart.scala:147)
	at play.core.server.AkkaHttpServer.handleRequest(AkkaHttpServer.scala:310)
	at play.core.server.AkkaHttpServer.$anonfun$createServerBinding$1(AkkaHttpServer.scala:227)
	at akka.stream.impl.fusing.MapAsync$$anon$30.onPush(Ops.scala:1309)
	at akka.stream.impl.fusing.GraphInterpreter.processPush(GraphInterpreter.scala:542)
	at akka.stream.impl.fusing.GraphInterpreter.processEvent(GraphInterpreter.scala:496)
	at akka.stream.impl.fusing.GraphInterpreter.execute(GraphInterpreter.scala:390)
	at akka.stream.impl.fusing.GraphInterpreterShell.runBatch(ActorGraphInterpreter.scala:650)
	at akka.stream.impl.fusing.GraphInterpreterShell$AsyncInput.execute(ActorGraphInterpreter.scala:521)
	at akka.stream.impl.fusing.GraphInterpreterShell.processEvent(ActorGraphInterpreter.scala:625)
	at akka.stream.impl.fusing.ActorGraphInterpreter.akka$stream$impl$fusing$ActorGraphInterpreter$$processEvent(ActorGraphInterpreter.scala:800)
	at akka.stream.impl.fusing.ActorGraphInterpreter$$anonfun$receive$1.applyOrElse(ActorGraphInterpreter.scala:818)
	at akka.actor.Actor.aroundReceive(Actor.scala:537)
	at akka.actor.Actor.aroundReceive$(Actor.scala:535)
	at akka.stream.impl.fusing.ActorGraphInterpreter.aroundReceive(ActorGraphInterpreter.scala:716)
	at akka.actor.ActorCell.receiveMessage(ActorCell.scala:579)
	at akka.actor.ActorCell.invoke(ActorCell.scala:547)
	at akka.dispatch.Mailbox.processMailbox(Mailbox.scala:270)
	at akka.dispatch.Mailbox.run(Mailbox.scala:231)
	at akka.dispatch.Mailbox.exec(Mailbox.scala:243)
	at java.util.concurrent.ForkJoinTask.doExec(ForkJoinTask.java:289)
	at java.util.concurrent.ForkJoinPool$WorkQueue.runTask(ForkJoinPool.java:1067)
	at java.util.concurrent.ForkJoinPool.runWorker(ForkJoinPool.java:1703)
	at java.util.concurrent.ForkJoinWorkerThread.run(ForkJoinWorkerThread.java:172)
2023-07-24 12:50:56,990 [ERROR] from play.api.http.DevHttpErrorHandler in play-dev-mode-akka.actor.default-dispatcher-197 - 

! @82bbiidob - Internal server error, for (GET) [/] ->
 
play.sbt.PlayExceptions$CompilationException: Compilation error[cannot find symbol
  symbol:   variable WidgetController
  location: class controllers.routes]
	at play.sbt.PlayExceptions$CompilationException$.apply(PlayExceptions.scala:34)
	at play.sbt.PlayExceptions$CompilationException$.apply(PlayExceptions.scala:34)
	at scala.Option.map(Option.scala:230)
	at play.sbt.run.PlayReload$.$anonfun$taskFailureHandler$8(PlayReload.scala:127)
	at scala.Option.map(Option.scala:230)
	at play.sbt.run.PlayReload$.taskFailureHandler(PlayReload.scala:100)
	at play.sbt.run.PlayReload$.compileFailure(PlayReload.scala:38)
	at play.sbt.run.PlayReload$.$anonfun$compile$3(PlayReload.scala:152)
	at scala.util.Either$LeftProjection.map(Either.scala:573)
	at play.sbt.run.PlayReload$.compile(PlayReload.scala:152)
	at play.sbt.run.PlayRun$.$anonfun$playRunTask$4(PlayRun.scala:80)
	at play.runsupport.Reloader.$anonfun$reload$1(Reloader.scala:501)
	at play.runsupport.Reloader$$anon$1.run(Reloader.scala:57)
	at java.security.AccessController.doPrivileged(Native Method)
	at play.runsupport.Reloader$.play$runsupport$Reloader$$withReloaderContextClassLoader(Reloader.scala:63)
	at play.runsupport.Reloader.reload(Reloader.scala:501)
	at play.core.server.DevServerStart$$anon$1.get(DevServerStart.scala:147)
	at play.core.server.AkkaHttpServer.handleRequest(AkkaHttpServer.scala:310)
	at play.core.server.AkkaHttpServer.$anonfun$createServerBinding$1(AkkaHttpServer.scala:227)
	at akka.stream.impl.fusing.MapAsync$$anon$30.onPush(Ops.scala:1309)
	at akka.stream.impl.fusing.GraphInterpreter.processPush(GraphInterpreter.scala:542)
	at akka.stream.impl.fusing.GraphInterpreter.processEvent(GraphInterpreter.scala:496)
	at akka.stream.impl.fusing.GraphInterpreter.execute(GraphInterpreter.scala:390)
	at akka.stream.impl.fusing.GraphInterpreterShell.runBatch(ActorGraphInterpreter.scala:650)
	at akka.stream.impl.fusing.GraphInterpreterShell$AsyncInput.execute(ActorGraphInterpreter.scala:521)
	at akka.stream.impl.fusing.GraphInterpreterShell.processEvent(ActorGraphInterpreter.scala:625)
	at akka.stream.impl.fusing.ActorGraphInterpreter.akka$stream$impl$fusing$ActorGraphInterpreter$$processEvent(ActorGraphInterpreter.scala:800)
	at akka.stream.impl.fusing.ActorGraphInterpreter$$anonfun$receive$1.applyOrElse(ActorGraphInterpreter.scala:818)
	at akka.actor.Actor.aroundReceive(Actor.scala:537)
	at akka.actor.Actor.aroundReceive$(Actor.scala:535)
	at akka.stream.impl.fusing.ActorGraphInterpreter.aroundReceive(ActorGraphInterpreter.scala:716)
	at akka.actor.ActorCell.receiveMessage(ActorCell.scala:579)
	at akka.actor.ActorCell.invoke(ActorCell.scala:547)
	at akka.dispatch.Mailbox.processMailbox(Mailbox.scala:270)
	at akka.dispatch.Mailbox.run(Mailbox.scala:231)
	at akka.dispatch.Mailbox.exec(Mailbox.scala:243)
	at java.util.concurrent.ForkJoinTask.doExec(ForkJoinTask.java:289)
	at java.util.concurrent.ForkJoinPool$WorkQueue.runTask(ForkJoinPool.java:1067)
	at java.util.concurrent.ForkJoinPool.runWorker(ForkJoinPool.java:1703)
	at java.util.concurrent.ForkJoinWorkerThread.run(ForkJoinWorkerThread.java:172)
2023-07-24 12:52:29,452 [ERROR] from play.api.http.DevHttpErrorHandler in play-dev-mode-akka.actor.default-dispatcher-193 - 

! @82bbinkig - Internal server error, for (GET) [/] ->
 
play.sbt.PlayExceptions$CompilationException: Compilation error[missing return statement]
	at play.sbt.PlayExceptions$CompilationException$.apply(PlayExceptions.scala:34)
	at play.sbt.PlayExceptions$CompilationException$.apply(PlayExceptions.scala:34)
	at scala.Option.map(Option.scala:230)
	at play.sbt.run.PlayReload$.$anonfun$taskFailureHandler$8(PlayReload.scala:127)
	at scala.Option.map(Option.scala:230)
	at play.sbt.run.PlayReload$.taskFailureHandler(PlayReload.scala:100)
	at play.sbt.run.PlayReload$.compileFailure(PlayReload.scala:38)
	at play.sbt.run.PlayReload$.$anonfun$compile$3(PlayReload.scala:152)
	at scala.util.Either$LeftProjection.map(Either.scala:573)
	at play.sbt.run.PlayReload$.compile(PlayReload.scala:152)
	at play.sbt.run.PlayRun$.$anonfun$playRunTask$4(PlayRun.scala:80)
	at play.runsupport.Reloader.$anonfun$reload$1(Reloader.scala:501)
	at play.runsupport.Reloader$$anon$1.run(Reloader.scala:57)
	at java.security.AccessController.doPrivileged(Native Method)
	at play.runsupport.Reloader$.play$runsupport$Reloader$$withReloaderContextClassLoader(Reloader.scala:63)
	at play.runsupport.Reloader.reload(Reloader.scala:501)
	at play.core.server.DevServerStart$$anon$1.get(DevServerStart.scala:147)
	at play.core.server.AkkaHttpServer.handleRequest(AkkaHttpServer.scala:310)
	at play.core.server.AkkaHttpServer.$anonfun$createServerBinding$1(AkkaHttpServer.scala:227)
	at akka.stream.impl.fusing.MapAsync$$anon$30.onPush(Ops.scala:1309)
	at akka.stream.impl.fusing.GraphInterpreter.processPush(GraphInterpreter.scala:542)
	at akka.stream.impl.fusing.GraphInterpreter.processEvent(GraphInterpreter.scala:496)
	at akka.stream.impl.fusing.GraphInterpreter.execute(GraphInterpreter.scala:390)
	at akka.stream.impl.fusing.GraphInterpreterShell.runBatch(ActorGraphInterpreter.scala:650)
	at akka.stream.impl.fusing.GraphInterpreterShell$AsyncInput.execute(ActorGraphInterpreter.scala:521)
	at akka.stream.impl.fusing.GraphInterpreterShell.processEvent(ActorGraphInterpreter.scala:625)
	at akka.stream.impl.fusing.ActorGraphInterpreter.akka$stream$impl$fusing$ActorGraphInterpreter$$processEvent(ActorGraphInterpreter.scala:800)
	at akka.stream.impl.fusing.ActorGraphInterpreter$$anonfun$receive$1.applyOrElse(ActorGraphInterpreter.scala:818)
	at akka.actor.Actor.aroundReceive(Actor.scala:537)
	at akka.actor.Actor.aroundReceive$(Actor.scala:535)
	at akka.stream.impl.fusing.ActorGraphInterpreter.aroundReceive(ActorGraphInterpreter.scala:716)
	at akka.actor.ActorCell.receiveMessage(ActorCell.scala:579)
	at akka.actor.ActorCell.invoke(ActorCell.scala:547)
	at akka.dispatch.Mailbox.processMailbox(Mailbox.scala:270)
	at akka.dispatch.Mailbox.run(Mailbox.scala:231)
	at akka.dispatch.Mailbox.exec(Mailbox.scala:243)
	at java.util.concurrent.ForkJoinTask.doExec(ForkJoinTask.java:289)
	at java.util.concurrent.ForkJoinPool$WorkQueue.runTask(ForkJoinPool.java:1067)
	at java.util.concurrent.ForkJoinPool.runWorker(ForkJoinPool.java:1703)
	at java.util.concurrent.ForkJoinWorkerThread.run(ForkJoinWorkerThread.java:172)
2023-07-24 12:53:02,485 [ERROR] from play.api.http.DevHttpErrorHandler in play-dev-mode-akka.actor.default-dispatcher-193 - 

! @82bbiphf3 - Internal server error, for (GET) [/] ->
 
play.sbt.PlayExceptions$CompilationException: Compilation error[method render in class views.html.index cannot be applied to given types;
  required: scala.collection.immutable.Seq<models.Widget>,play.data.Form<controllers.WidgetData>,play.mvc.Http.Request,play.i18n.Messages
  found: no arguments
  reason: actual and formal argument lists differ in length]
	at play.sbt.PlayExceptions$CompilationException$.apply(PlayExceptions.scala:34)
	at play.sbt.PlayExceptions$CompilationException$.apply(PlayExceptions.scala:34)
	at scala.Option.map(Option.scala:230)
	at play.sbt.run.PlayReload$.$anonfun$taskFailureHandler$8(PlayReload.scala:127)
	at scala.Option.map(Option.scala:230)
	at play.sbt.run.PlayReload$.taskFailureHandler(PlayReload.scala:100)
	at play.sbt.run.PlayReload$.compileFailure(PlayReload.scala:38)
	at play.sbt.run.PlayReload$.$anonfun$compile$3(PlayReload.scala:152)
	at scala.util.Either$LeftProjection.map(Either.scala:573)
	at play.sbt.run.PlayReload$.compile(PlayReload.scala:152)
	at play.sbt.run.PlayRun$.$anonfun$playRunTask$4(PlayRun.scala:80)
	at play.runsupport.Reloader.$anonfun$reload$1(Reloader.scala:501)
	at play.runsupport.Reloader$$anon$1.run(Reloader.scala:57)
	at java.security.AccessController.doPrivileged(Native Method)
	at play.runsupport.Reloader$.play$runsupport$Reloader$$withReloaderContextClassLoader(Reloader.scala:63)
	at play.runsupport.Reloader.reload(Reloader.scala:501)
	at play.core.server.DevServerStart$$anon$1.get(DevServerStart.scala:147)
	at play.core.server.AkkaHttpServer.handleRequest(AkkaHttpServer.scala:310)
	at play.core.server.AkkaHttpServer.$anonfun$createServerBinding$1(AkkaHttpServer.scala:227)
	at akka.stream.impl.fusing.MapAsync$$anon$30.onPush(Ops.scala:1309)
	at akka.stream.impl.fusing.GraphInterpreter.processPush(GraphInterpreter.scala:542)
	at akka.stream.impl.fusing.GraphInterpreter.processEvent(GraphInterpreter.scala:496)
	at akka.stream.impl.fusing.GraphInterpreter.execute(GraphInterpreter.scala:390)
	at akka.stream.impl.fusing.GraphInterpreterShell.runBatch(ActorGraphInterpreter.scala:650)
	at akka.stream.impl.fusing.GraphInterpreterShell$AsyncInput.execute(ActorGraphInterpreter.scala:521)
	at akka.stream.impl.fusing.GraphInterpreterShell.processEvent(ActorGraphInterpreter.scala:625)
	at akka.stream.impl.fusing.ActorGraphInterpreter.akka$stream$impl$fusing$ActorGraphInterpreter$$processEvent(ActorGraphInterpreter.scala:800)
	at akka.stream.impl.fusing.ActorGraphInterpreter$$anonfun$receive$1.applyOrElse(ActorGraphInterpreter.scala:818)
	at akka.actor.Actor.aroundReceive(Actor.scala:537)
	at akka.actor.Actor.aroundReceive$(Actor.scala:535)
	at akka.stream.impl.fusing.ActorGraphInterpreter.aroundReceive(ActorGraphInterpreter.scala:716)
	at akka.actor.ActorCell.receiveMessage(ActorCell.scala:579)
	at akka.actor.ActorCell.invoke(ActorCell.scala:547)
	at akka.dispatch.Mailbox.processMailbox(Mailbox.scala:270)
	at akka.dispatch.Mailbox.run(Mailbox.scala:231)
	at akka.dispatch.Mailbox.exec(Mailbox.scala:243)
	at java.util.concurrent.ForkJoinTask.doExec(ForkJoinTask.java:289)
	at java.util.concurrent.ForkJoinPool$WorkQueue.runTask(ForkJoinPool.java:1067)
	at java.util.concurrent.ForkJoinPool.runWorker(ForkJoinPool.java:1703)
	at java.util.concurrent.ForkJoinWorkerThread.run(ForkJoinWorkerThread.java:172)
2023-07-24 12:53:33,701 [ERROR] from play.api.http.DevHttpErrorHandler in play-dev-mode-akka.actor.default-dispatcher-196 - 

! @82bbj1bjk - Internal server error, for (GET) [/] ->
 
play.sbt.PlayExceptions$CompilationException: Compilation error[value WidgetController is not a member of object controllers.routes]
	at play.sbt.PlayExceptions$CompilationException$.apply(PlayExceptions.scala:34)
	at play.sbt.PlayExceptions$CompilationException$.apply(PlayExceptions.scala:34)
	at scala.Option.map(Option.scala:230)
	at play.sbt.run.PlayReload$.$anonfun$taskFailureHandler$8(PlayReload.scala:127)
	at scala.Option.map(Option.scala:230)
	at play.sbt.run.PlayReload$.taskFailureHandler(PlayReload.scala:100)
	at play.sbt.run.PlayReload$.compileFailure(PlayReload.scala:38)
	at play.sbt.run.PlayReload$.$anonfun$compile$3(PlayReload.scala:152)
	at scala.util.Either$LeftProjection.map(Either.scala:573)
	at play.sbt.run.PlayReload$.compile(PlayReload.scala:152)
	at play.sbt.run.PlayRun$.$anonfun$playRunTask$4(PlayRun.scala:80)
	at play.runsupport.Reloader.$anonfun$reload$1(Reloader.scala:501)
	at play.runsupport.Reloader$$anon$1.run(Reloader.scala:57)
	at java.security.AccessController.doPrivileged(Native Method)
	at play.runsupport.Reloader$.play$runsupport$Reloader$$withReloaderContextClassLoader(Reloader.scala:63)
	at play.runsupport.Reloader.reload(Reloader.scala:501)
	at play.core.server.DevServerStart$$anon$1.get(DevServerStart.scala:147)
	at play.core.server.AkkaHttpServer.handleRequest(AkkaHttpServer.scala:310)
	at play.core.server.AkkaHttpServer.$anonfun$createServerBinding$1(AkkaHttpServer.scala:227)
	at akka.stream.impl.fusing.MapAsync$$anon$30.onPush(Ops.scala:1309)
	at akka.stream.impl.fusing.GraphInterpreter.processPush(GraphInterpreter.scala:542)
	at akka.stream.impl.fusing.GraphInterpreter.processEvent(GraphInterpreter.scala:496)
	at akka.stream.impl.fusing.GraphInterpreter.execute(GraphInterpreter.scala:390)
	at akka.stream.impl.fusing.GraphInterpreterShell.runBatch(ActorGraphInterpreter.scala:650)
	at akka.stream.impl.fusing.GraphInterpreterShell$AsyncInput.execute(ActorGraphInterpreter.scala:521)
	at akka.stream.impl.fusing.GraphInterpreterShell.processEvent(ActorGraphInterpreter.scala:625)
	at akka.stream.impl.fusing.ActorGraphInterpreter.akka$stream$impl$fusing$ActorGraphInterpreter$$processEvent(ActorGraphInterpreter.scala:800)
	at akka.stream.impl.fusing.ActorGraphInterpreter$$anonfun$receive$1.applyOrElse(ActorGraphInterpreter.scala:818)
	at akka.actor.Actor.aroundReceive(Actor.scala:537)
	at akka.actor.Actor.aroundReceive$(Actor.scala:535)
	at akka.stream.impl.fusing.ActorGraphInterpreter.aroundReceive(ActorGraphInterpreter.scala:716)
	at akka.actor.ActorCell.receiveMessage(ActorCell.scala:579)
	at akka.actor.ActorCell.invoke(ActorCell.scala:547)
	at akka.dispatch.Mailbox.processMailbox(Mailbox.scala:270)
	at akka.dispatch.Mailbox.run(Mailbox.scala:231)
	at akka.dispatch.Mailbox.exec(Mailbox.scala:243)
	at java.util.concurrent.ForkJoinTask.doExec(ForkJoinTask.java:289)
	at java.util.concurrent.ForkJoinPool$WorkQueue.runTask(ForkJoinPool.java:1067)
	at java.util.concurrent.ForkJoinPool.runWorker(ForkJoinPool.java:1703)
	at java.util.concurrent.ForkJoinWorkerThread.run(ForkJoinWorkerThread.java:172)
2023-07-24 12:54:03,850 [INFO] from play.api.http.EnabledFilters in play-dev-mode-akka.actor.default-dispatcher-192 - Enabled Filters (see <https://www.playframework.com/documentation/latest/Filters>):

    play.filters.csrf.CSRFFilter
    play.filters.headers.SecurityHeadersFilter
    play.filters.hosts.AllowedHostsFilter

2023-07-24 12:54:03,854 [INFO] from play.api.Play in play-dev-mode-akka.actor.default-dispatcher-192 - Application started (Dev) (no global state)
